<testsuites id="" name="" tests="3" failures="0" skipped="0" errors="0" time="24.17314">
<testsuite name="auth.setup.ts" timestamp="2026-03-03T23:18:09.248Z" hostname="setup" tests="1" failures="0" skipped="0" time="6.604" errors="0">
<testcase name="authenticate as admin" classname="auth.setup.ts" time="6.604">
</testcase>
</testsuite>
<testsuite name="email-verification-monitor.spec.ts" timestamp="2026-03-03T23:18:09.248Z" hostname="chromium" tests="2" failures="0" skipped="0" time="12.39" errors="0">
<testcase name="Inscription + vérification email (Email Monitor) › inscription des 3 comptes puis vérification dans Email Monitor" classname="email-verification-monitor.spec.ts" time="8.659">
</testcase>
<testcase name="Inscription + vérification email (Email Monitor) › Email Monitor affiche les filtres et le type Vérification" classname="email-verification-monitor.spec.ts" time="3.731">
</testcase>
</testsuite>
</testsuites>