<testsuites id="" name="" tests="11" failures="1" skipped="10" errors="0" time="93.66662400000001">
<testsuite name="auth.setup.ts" timestamp="2026-03-03T06:53:08.567Z" hostname="setup" tests="1" failures="1" skipped="0" time="90.794" errors="0">
<testcase name="authenticate as admin" classname="auth.setup.ts" time="90.794">
<failure message="auth.setup.ts:10:6 authenticate as admin" type="FAILURE">
<![CDATA[  [setup] › auth.setup.ts:10:6 › authenticate as admin ─────────────────────────────────────────────

    Test timeout of 30000ms exceeded.

    Error: page.waitForURL: Test timeout of 30000ms exceeded.
    =========================== logs ===========================
    waiting for navigation to "**/backoffice**" until "load"
    ============================================================

      21 |   await page.locator('button[type="submit"]').click();
      22 |
    > 23 |   await page.waitForURL('**/backoffice**', { timeout: 30000 });
         |              ^
      24 |   await expect(page.locator('body')).toBeVisible();
      25 |
      26 |   await page.context().storageState({ path: AUTH_FILE });
        at /home/pactivisme/Documents/Dev/Perso/JobbingTrack/frontend/tests/e2e/auth.setup.ts:23:14

    attachment #1: screenshot (image/png) ──────────────────────────────────────────────────────────
    ../../test-results/auth.setup.ts-authenticate-as-admin-setup/test-failed-1.png
    ────────────────────────────────────────────────────────────────────────────────────────────────

    attachment #2: video (video/webm) ──────────────────────────────────────────────────────────────
    ../../test-results/auth.setup.ts-authenticate-as-admin-setup/video.webm
    ────────────────────────────────────────────────────────────────────────────────────────────────

    Error Context: ../../test-results/auth.setup.ts-authenticate-as-admin-setup/error-context.md

    Retry #1 ───────────────────────────────────────────────────────────────────────────────────────

    Test timeout of 30000ms exceeded.

    Error: page.waitForURL: Test timeout of 30000ms exceeded.
    =========================== logs ===========================
    waiting for navigation to "**/backoffice**" until "load"
    ============================================================

      21 |   await page.locator('button[type="submit"]').click();
      22 |
    > 23 |   await page.waitForURL('**/backoffice**', { timeout: 30000 });
         |              ^
      24 |   await expect(page.locator('body')).toBeVisible();
      25 |
      26 |   await page.context().storageState({ path: AUTH_FILE });
        at /home/pactivisme/Documents/Dev/Perso/JobbingTrack/frontend/tests/e2e/auth.setup.ts:23:14

    attachment #1: screenshot (image/png) ──────────────────────────────────────────────────────────
    ../../test-results/auth.setup.ts-authenticate-as-admin-setup-retry1/test-failed-1.png
    ────────────────────────────────────────────────────────────────────────────────────────────────

    attachment #2: video (video/webm) ──────────────────────────────────────────────────────────────
    ../../test-results/auth.setup.ts-authenticate-as-admin-setup-retry1/video.webm
    ────────────────────────────────────────────────────────────────────────────────────────────────

    Error Context: ../../test-results/auth.setup.ts-authenticate-as-admin-setup-retry1/error-context.md

    attachment #4: trace (application/zip) ─────────────────────────────────────────────────────────
    ../../test-results/auth.setup.ts-authenticate-as-admin-setup-retry1/trace.zip
    Usage:

        npx playwright show-trace ../../test-results/auth.setup.ts-authenticate-as-admin-setup-retry1/trace.zip

    ────────────────────────────────────────────────────────────────────────────────────────────────

    Retry #2 ───────────────────────────────────────────────────────────────────────────────────────

    Test timeout of 30000ms exceeded.

    Error: page.waitForURL: Test timeout of 30000ms exceeded.
    =========================== logs ===========================
    waiting for navigation to "**/backoffice**" until "load"
    ============================================================

      21 |   await page.locator('button[type="submit"]').click();
      22 |
    > 23 |   await page.waitForURL('**/backoffice**', { timeout: 30000 });
         |              ^
      24 |   await expect(page.locator('body')).toBeVisible();
      25 |
      26 |   await page.context().storageState({ path: AUTH_FILE });
        at /home/pactivisme/Documents/Dev/Perso/JobbingTrack/frontend/tests/e2e/auth.setup.ts:23:14

    attachment #1: screenshot (image/png) ──────────────────────────────────────────────────────────
    ../../test-results/auth.setup.ts-authenticate-as-admin-setup-retry2/test-failed-1.png
    ────────────────────────────────────────────────────────────────────────────────────────────────

    attachment #2: video (video/webm) ──────────────────────────────────────────────────────────────
    ../../test-results/auth.setup.ts-authenticate-as-admin-setup-retry2/video.webm
    ────────────────────────────────────────────────────────────────────────────────────────────────

    Error Context: ../../test-results/auth.setup.ts-authenticate-as-admin-setup-retry2/error-context.md
]]>
</failure>
<system-out>
<![CDATA[
[[ATTACHMENT|test-results/auth.setup.ts-authenticate-as-admin-setup/test-failed-1.png]]

[[ATTACHMENT|test-results/auth.setup.ts-authenticate-as-admin-setup/video.webm]]

[[ATTACHMENT|test-results/auth.setup.ts-authenticate-as-admin-setup/error-context.md]]

[[ATTACHMENT|test-results/auth.setup.ts-authenticate-as-admin-setup-retry1/test-failed-1.png]]

[[ATTACHMENT|test-results/auth.setup.ts-authenticate-as-admin-setup-retry1/video.webm]]

[[ATTACHMENT|test-results/auth.setup.ts-authenticate-as-admin-setup-retry1/error-context.md]]

[[ATTACHMENT|test-results/auth.setup.ts-authenticate-as-admin-setup-retry1/trace.zip]]

[[ATTACHMENT|test-results/auth.setup.ts-authenticate-as-admin-setup-retry2/test-failed-1.png]]

[[ATTACHMENT|test-results/auth.setup.ts-authenticate-as-admin-setup-retry2/video.webm]]

[[ATTACHMENT|test-results/auth.setup.ts-authenticate-as-admin-setup-retry2/error-context.md]]
]]>
</system-out>
</testcase>
</testsuite>
<testsuite name="mobile-emulator.spec.ts" timestamp="2026-03-03T06:53:08.567Z" hostname="chromium" tests="10" failures="0" skipped="10" time="0" errors="0">
<testcase name="Backoffice — Émulateur mobile › affiche la page Émulateur mobile après connexion" classname="mobile-emulator.spec.ts" time="0">
<skipped>
</skipped>
</testcase>
<testcase name="Backoffice — Émulateur mobile › affiche la section parcours principaux avec au moins un parcours" classname="mobile-emulator.spec.ts" time="0">
<skipped>
</skipped>
</testcase>
<testcase name="Backoffice — Émulateur mobile › affiche le bouton Lancer le parcours" classname="mobile-emulator.spec.ts" time="0">
<skipped>
</skipped>
</testcase>
<testcase name="Backoffice — Émulateur mobile › bouton Lancer le parcours désactivé ou message si aucun appareil" classname="mobile-emulator.spec.ts" time="0">
<skipped>
</skipped>
</testcase>
<testcase name="Backoffice — Émulateur mobile › affiche la liste des parcours (tous les parcours ou filtre)" classname="mobile-emulator.spec.ts" time="0">
<skipped>
</skipped>
</testcase>
<testcase name="Backoffice — Émulateur mobile › les 8 parcours principaux sont présents" classname="mobile-emulator.spec.ts" time="0">
<skipped>
</skipped>
</testcase>
<testcase name="Backoffice — Émulateur mobile › affiche un statut contrôleur (connecté ou injoignable)" classname="mobile-emulator.spec.ts" time="0">
<skipped>
</skipped>
</testcase>
<testcase name="Backoffice — Émulateur mobile (parcours avec données) › sélection du parcours complet avec données" classname="mobile-emulator.spec.ts" time="0">
<skipped>
</skipped>
</testcase>
<testcase name="Backoffice — Émulateur mobile (parcours avec données) › sélection du parcours Inscription complète" classname="mobile-emulator.spec.ts" time="0">
<skipped>
</skipped>
</testcase>
<testcase name="Backoffice — Émulateur mobile (parcours avec données) › sélection du parcours Archives &amp; Corbeille" classname="mobile-emulator.spec.ts" time="0">
<skipped>
</skipped>
</testcase>
</testsuite>
</testsuites>