<testsuites id="" name="" tests="4" failures="1" skipped="1" errors="0" time="16.69316">
<testsuite name="specs/email-workflows.spec.ts" timestamp="2026-03-04T07:16:19.673Z" hostname="chromium" tests="4" failures="1" skipped="1" time="17.26" errors="0">
<testcase name="Workflows Email Complets › Inscription avec vérification email › inscription → email de vérification → vérif → login (mailhog)" classname="specs/email-workflows.spec.ts" time="15.902">
<failure message="email-workflows.spec.ts:107:11 inscription → email de vérification → vérif → login (mailhog)" type="FAILURE">
<![CDATA[  [chromium] › specs/email-workflows.spec.ts:107:11 › Workflows Email Complets › Inscription avec vérification email › inscription → email de vérification → vérif → login (mailhog) 

    Error: MailHog devrait capturer l’email de vérification en mode mailhog

    expect(received).not.toBeNull()

    Received: null

      145 |         if (mailhogAvailable && target === '__MAILHOG__') {
      146 |           const msg = await waitForLatestMessage(mailhogCountBefore, { timeoutMs: 15000, pollMs: 800 });
    > 147 |           expect(msg, 'MailHog devrait capturer l’email de vérification en mode mailhog').not.toBeNull();
          |                                                                                               ^
      148 |         }
      149 |
      150 |         // Vérification "source de vérité" : EmailLog (marche en mailhog et en SMTP réel)
        at /home/pactivisme/Documents/Dev/Perso/JobbingTrack/tests/e2e/specs/email-workflows.spec.ts:147:95
]]>
</failure>
</testcase>
<testcase name="Workflows Email Complets › Inscription avec vérification email › sans vérification email, le login est refusé (401)" classname="specs/email-workflows.spec.ts" time="0">
<skipped>
</skipped>
</testcase>
<testcase name="Workflows Email Complets › Reset password complet via MailHog › forgot-password envoie un email avec lien de reset" classname="specs/email-workflows.spec.ts" time="0.226">
</testcase>
<testcase name="Workflows Email Complets › Reset password via UI › page forgot-password est accessible et fonctionnelle" classname="specs/email-workflows.spec.ts" time="1.132">
</testcase>
</testsuite>
</testsuites>