<testsuites id="" name="" tests="144" failures="143" skipped="0" errors="0" time="96.88440399999999">
<testsuite name="specs/admin-backoffice.spec.ts" timestamp="2025-12-19T23:13:41.236Z" hostname="chromium" tests="16" failures="16" skipped="0" time="145.836" errors="0">
<testcase name="Backoffice Admin › Dashboard admin accessible" classname="specs/admin-backoffice.spec.ts" time="18.544">
<failure message="admin-backoffice.spec.ts:26:7 Dashboard admin accessible" type="FAILURE">
<![CDATA[  [chromium] › specs/admin-backoffice.spec.ts:26:7 › Backoffice Admin › Dashboard admin accessible ─

    Error: expect(locator).toContainText(expected) failed

    Locator: locator('h1')
    Expected substring: "Dashboard Admin"
    Timeout: 10000ms
    Error: element(s) not found

    Call log:
      - Expect "toContainText" with timeout 10000ms
      - waiting for locator('h1')


      25 |
      26 |   test('Dashboard admin accessible', async ({ page }) => {
    > 27 |     await expect(page.locator('h1')).toContainText('Dashboard Admin');
         |                                      ^
      28 |     await expect(page.locator('[data-testid="metrics-cards"]')).toBeVisible();
      29 |   });
      30 |
        at /home/pactivisme/Documents/Dev/Perso/JobbingTrack/tests/e2e/specs/admin-backoffice.spec.ts:27:38

    attachment #1: screenshot (image/png) ──────────────────────────────────────────────────────────
    ../test-results/specs-admin-backoffice-Bac-b23b7--Dashboard-admin-accessible-chromium/test-failed-1.png
    ────────────────────────────────────────────────────────────────────────────────────────────────

    attachment #2: video (video/webm) ──────────────────────────────────────────────────────────────
    ../test-results/specs-admin-backoffice-Bac-b23b7--Dashboard-admin-accessible-chromium/video.webm
    ────────────────────────────────────────────────────────────────────────────────────────────────

    Error Context: ../test-results/specs-admin-backoffice-Bac-b23b7--Dashboard-admin-accessible-chromium/error-context.md
]]>
</failure>
<system-out>
<![CDATA[
[[ATTACHMENT|../test-results/specs-admin-backoffice-Bac-b23b7--Dashboard-admin-accessible-chromium/test-failed-1.png]]

[[ATTACHMENT|../test-results/specs-admin-backoffice-Bac-b23b7--Dashboard-admin-accessible-chromium/video.webm]]

[[ATTACHMENT|../test-results/specs-admin-backoffice-Bac-b23b7--Dashboard-admin-accessible-chromium/error-context.md]]
]]>
</system-out>
</testcase>
<testcase name="Backoffice Admin › Navigation entre les sections" classname="specs/admin-backoffice.spec.ts" time="8.453">
<failure message="admin-backoffice.spec.ts:31:7 Navigation entre les sections" type="FAILURE">
<![CDATA[  [chromium] › specs/admin-backoffice.spec.ts:31:7 › Backoffice Admin › Navigation entre les sections 

    Error: expect(received).toContain(expected) // indexOf

    Expected substring: "/users"
    Received string:    "http://localhost:5003/backoffice"

      32 |     // Test navigation vers les utilisateurs
      33 |     await page.click('a[href*="/users"]');
    > 34 |     await expect(page.url()).toContain('/users');
         |                              ^
      35 |     await expect(page.locator('h1')).toContainText('Gestion des Utilisateurs');
      36 |
      37 |     // Test navigation vers les entreprises
        at /home/pactivisme/Documents/Dev/Perso/JobbingTrack/tests/e2e/specs/admin-backoffice.spec.ts:34:30

    attachment #1: screenshot (image/png) ──────────────────────────────────────────────────────────
    ../test-results/specs-admin-backoffice-Bac-64525-vigation-entre-les-sections-chromium/test-failed-1.png
    ────────────────────────────────────────────────────────────────────────────────────────────────

    attachment #2: video (video/webm) ──────────────────────────────────────────────────────────────
    ../test-results/specs-admin-backoffice-Bac-64525-vigation-entre-les-sections-chromium/video.webm
    ────────────────────────────────────────────────────────────────────────────────────────────────

    Error Context: ../test-results/specs-admin-backoffice-Bac-64525-vigation-entre-les-sections-chromium/error-context.md
]]>
</failure>
<system-out>
<![CDATA[
[[ATTACHMENT|../test-results/specs-admin-backoffice-Bac-64525-vigation-entre-les-sections-chromium/test-failed-1.png]]

[[ATTACHMENT|../test-results/specs-admin-backoffice-Bac-64525-vigation-entre-les-sections-chromium/video.webm]]

[[ATTACHMENT|../test-results/specs-admin-backoffice-Bac-64525-vigation-entre-les-sections-chromium/error-context.md]]
]]>
</system-out>
</testcase>
<testcase name="Backoffice Admin › Gestion des utilisateurs" classname="specs/admin-backoffice.spec.ts" time="20.401">
<failure message="admin-backoffice.spec.ts:48:7 Gestion des utilisateurs" type="FAILURE">
<![CDATA[  [chromium] › specs/admin-backoffice.spec.ts:48:7 › Backoffice Admin › Gestion des utilisateurs ───

    TimeoutError: page.click: Timeout 10000ms exceeded.
    Call log:
      - waiting for locator('button:has-text("Créer utilisateur")')


      51 |
      52 |     // Créer un nouvel utilisateur
    > 53 |     await page.click('button:has-text("Créer utilisateur")');
         |                ^
      54 |     await page.fill('input[name="email"]', 'redacted@example.invalid');
      55 |     await page.fill('input[name="name"]', 'Test User');
      56 |     await page.fill('input[name="password"]', 'password123');
        at /home/pactivisme/Documents/Dev/Perso/JobbingTrack/tests/e2e/specs/admin-backoffice.spec.ts:53:16

    attachment #1: screenshot (image/png) ──────────────────────────────────────────────────────────
    ../test-results/specs-admin-backoffice-Bac-d7c8a-in-Gestion-des-utilisateurs-chromium/test-failed-1.png
    ────────────────────────────────────────────────────────────────────────────────────────────────

    attachment #2: video (video/webm) ──────────────────────────────────────────────────────────────
    ../test-results/specs-admin-backoffice-Bac-d7c8a-in-Gestion-des-utilisateurs-chromium/video.webm
    ────────────────────────────────────────────────────────────────────────────────────────────────

    Error Context: ../test-results/specs-admin-backoffice-Bac-d7c8a-in-Gestion-des-utilisateurs-chromium/error-context.md
]]>
</failure>
<system-out>
<![CDATA[
[[ATTACHMENT|../test-results/specs-admin-backoffice-Bac-d7c8a-in-Gestion-des-utilisateurs-chromium/test-failed-1.png]]

[[ATTACHMENT|../test-results/specs-admin-backoffice-Bac-d7c8a-in-Gestion-des-utilisateurs-chromium/video.webm]]

[[ATTACHMENT|../test-results/specs-admin-backoffice-Bac-d7c8a-in-Gestion-des-utilisateurs-chromium/error-context.md]]
]]>
</system-out>
</testcase>
<testcase name="Backoffice Admin › Gestion des entreprises" classname="specs/admin-backoffice.spec.ts" time="8.3">
<failure message="admin-backoffice.spec.ts:76:7 Gestion des entreprises" type="FAILURE">
<![CDATA[  [chromium] › specs/admin-backoffice.spec.ts:76:7 › Backoffice Admin › Gestion des entreprises ────

    Error: page.goto: net::ERR_CONNECTION_REFUSED at http://localhost:8080/$%7BBASE_URL%7D/backoffice/companies
    Call log:
      - navigating to "http://localhost:8080/$%7BBASE_URL%7D/backoffice/companies", waiting until "load"


      75 |
      76 |   test('Gestion des entreprises', async ({ page }) => {
    > 77 |     await page.goto('${BASE_URL}/backoffice/companies');
         |                ^
      78 |
      79 |     // Créer une entreprise
      80 |     await page.click('button:has-text("Créer entreprise")');
        at /home/pactivisme/Documents/Dev/Perso/JobbingTrack/tests/e2e/specs/admin-backoffice.spec.ts:77:16

    attachment #1: screenshot (image/png) ──────────────────────────────────────────────────────────
    ../test-results/specs-admin-backoffice-Bac-305b5-min-Gestion-des-entreprises-chromium/test-failed-1.png
    ────────────────────────────────────────────────────────────────────────────────────────────────

    attachment #2: video (video/webm) ──────────────────────────────────────────────────────────────
    ../test-results/specs-admin-backoffice-Bac-305b5-min-Gestion-des-entreprises-chromium/video.webm
    ────────────────────────────────────────────────────────────────────────────────────────────────
]]>
</failure>
<system-out>
<![CDATA[
[[ATTACHMENT|../test-results/specs-admin-backoffice-Bac-305b5-min-Gestion-des-entreprises-chromium/test-failed-1.png]]

[[ATTACHMENT|../test-results/specs-admin-backoffice-Bac-305b5-min-Gestion-des-entreprises-chromium/video.webm]]
]]>
</system-out>
</testcase>
<testcase name="Backoffice Admin › Gestion des candidatures" classname="specs/admin-backoffice.spec.ts" time="8.065">
<failure message="admin-backoffice.spec.ts:99:7 Gestion des candidatures" type="FAILURE">
<![CDATA[  [chromium] › specs/admin-backoffice.spec.ts:99:7 › Backoffice Admin › Gestion des candidatures ───

    Error: page.goto: net::ERR_CONNECTION_REFUSED at http://localhost:8080/$%7BBASE_URL%7D/backoffice/applications
    Call log:
      - navigating to "http://localhost:8080/$%7BBASE_URL%7D/backoffice/applications", waiting until "load"


       98 |
       99 |   test('Gestion des candidatures', async ({ page }) => {
    > 100 |     await page.goto('${BASE_URL}/backoffice/applications');
          |                ^
      101 |
      102 |     // Vérifier que les candidatures sont affichées
      103 |     await expect(page.locator('table')).toBeVisible();
        at /home/pactivisme/Documents/Dev/Perso/JobbingTrack/tests/e2e/specs/admin-backoffice.spec.ts:100:16

    attachment #1: screenshot (image/png) ──────────────────────────────────────────────────────────
    ../test-results/specs-admin-backoffice-Bac-90a24-in-Gestion-des-candidatures-chromium/test-failed-1.png
    ────────────────────────────────────────────────────────────────────────────────────────────────

    attachment #2: video (video/webm) ──────────────────────────────────────────────────────────────
    ../test-results/specs-admin-backoffice-Bac-90a24-in-Gestion-des-candidatures-chromium/video.webm
    ────────────────────────────────────────────────────────────────────────────────────────────────
]]>
</failure>
<system-out>
<![CDATA[
[[ATTACHMENT|../test-results/specs-admin-backoffice-Bac-90a24-in-Gestion-des-candidatures-chromium/test-failed-1.png]]

[[ATTACHMENT|../test-results/specs-admin-backoffice-Bac-90a24-in-Gestion-des-candidatures-chromium/video.webm]]
]]>
</system-out>
</testcase>
<testcase name="Backoffice Admin › Export de données" classname="specs/admin-backoffice.spec.ts" time="7.99">
<failure message="admin-backoffice.spec.ts:113:7 Export de données" type="FAILURE">
<![CDATA[  [chromium] › specs/admin-backoffice.spec.ts:113:7 › Backoffice Admin › Export de données ─────────

    Error: page.goto: net::ERR_CONNECTION_REFUSED at http://localhost:8080/$%7BBASE_URL%7D/backoffice/data-management
    Call log:
      - navigating to "http://localhost:8080/$%7BBASE_URL%7D/backoffice/data-management", waiting until "load"


      112 |
      113 |   test('Export de données', async ({ page }) => {
    > 114 |     await page.goto('${BASE_URL}/backoffice/data-management');
          |                ^
      115 |
      116 |     // Sélectionner des tables à exporter
      117 |     await page.check('input[value="users"]');
        at /home/pactivisme/Documents/Dev/Perso/JobbingTrack/tests/e2e/specs/admin-backoffice.spec.ts:114:16

    attachment #1: screenshot (image/png) ──────────────────────────────────────────────────────────
    ../test-results/specs-admin-backoffice-Backoffice-Admin-Export-de-données-chromium/test-failed-1.png
    ────────────────────────────────────────────────────────────────────────────────────────────────

    attachment #2: video (video/webm) ──────────────────────────────────────────────────────────────
    ../test-results/specs-admin-backoffice-Backoffice-Admin-Export-de-données-chromium/video.webm
    ────────────────────────────────────────────────────────────────────────────────────────────────
]]>
</failure>
<system-out>
<![CDATA[
[[ATTACHMENT|../test-results/specs-admin-backoffice-Backoffice-Admin-Export-de-données-chromium/test-failed-1.png]]

[[ATTACHMENT|../test-results/specs-admin-backoffice-Backoffice-Admin-Export-de-données-chromium/video.webm]]
]]>
</system-out>
</testcase>
<testcase name="Backoffice Admin › Interface de test Playwright" classname="specs/admin-backoffice.spec.ts" time="7.881">
<failure message="admin-backoffice.spec.ts:130:7 Interface de test Playwright" type="FAILURE">
<![CDATA[  [chromium] › specs/admin-backoffice.spec.ts:130:7 › Backoffice Admin › Interface de test Playwright 

    Error: page.goto: net::ERR_CONNECTION_REFUSED at http://localhost:8080/$%7BBASE_URL%7D/backoffice/playwright-tests
    Call log:
      - navigating to "http://localhost:8080/$%7BBASE_URL%7D/backoffice/playwright-tests", waiting until "load"


      129 |
      130 |   test('Interface de test Playwright', async ({ page }) => {
    > 131 |     await page.goto('${BASE_URL}/backoffice/playwright-tests');
          |                ^
      132 |
      133 |     // Vérifier que l'interface de test est accessible
      134 |     await expect(page.locator('h1')).toContainText('Interface de Test');
        at /home/pactivisme/Documents/Dev/Perso/JobbingTrack/tests/e2e/specs/admin-backoffice.spec.ts:131:16

    attachment #1: screenshot (image/png) ──────────────────────────────────────────────────────────
    ../test-results/specs-admin-backoffice-Bac-434ef-nterface-de-test-Playwright-chromium/test-failed-1.png
    ────────────────────────────────────────────────────────────────────────────────────────────────

    attachment #2: video (video/webm) ──────────────────────────────────────────────────────────────
    ../test-results/specs-admin-backoffice-Bac-434ef-nterface-de-test-Playwright-chromium/video.webm
    ────────────────────────────────────────────────────────────────────────────────────────────────
]]>
</failure>
<system-out>
<![CDATA[
[[ATTACHMENT|../test-results/specs-admin-backoffice-Bac-434ef-nterface-de-test-Playwright-chromium/test-failed-1.png]]

[[ATTACHMENT|../test-results/specs-admin-backoffice-Bac-434ef-nterface-de-test-Playwright-chromium/video.webm]]
]]>
</system-out>
</testcase>
<testcase name="Backoffice Admin › Métriques système" classname="specs/admin-backoffice.spec.ts" time="7.93">
<failure message="admin-backoffice.spec.ts:146:7 Métriques système" type="FAILURE">
<![CDATA[  [chromium] › specs/admin-backoffice.spec.ts:146:7 › Backoffice Admin › Métriques système ─────────

    Error: page.goto: net::ERR_CONNECTION_REFUSED at http://localhost:8080/$%7BBASE_URL%7D/backoffice/analytics
    Call log:
      - navigating to "http://localhost:8080/$%7BBASE_URL%7D/backoffice/analytics", waiting until "load"


      145 |
      146 |   test('Métriques système', async ({ page }) => {
    > 147 |     await page.goto('${BASE_URL}/backoffice/analytics');
          |                ^
      148 |
      149 |     // Vérifier les métriques de base
      150 |     await expect(page.locator('[data-testid="cpu-usage"]')).toBeVisible();
        at /home/pactivisme/Documents/Dev/Perso/JobbingTrack/tests/e2e/specs/admin-backoffice.spec.ts:147:16

    attachment #1: screenshot (image/png) ──────────────────────────────────────────────────────────
    ../test-results/specs-admin-backoffice-Backoffice-Admin-Métriques-système-chromium/test-failed-1.png
    ────────────────────────────────────────────────────────────────────────────────────────────────

    attachment #2: video (video/webm) ──────────────────────────────────────────────────────────────
    ../test-results/specs-admin-backoffice-Backoffice-Admin-Métriques-système-chromium/video.webm
    ────────────────────────────────────────────────────────────────────────────────────────────────
]]>
</failure>
<system-out>
<![CDATA[
[[ATTACHMENT|../test-results/specs-admin-backoffice-Backoffice-Admin-Métriques-système-chromium/test-failed-1.png]]

[[ATTACHMENT|../test-results/specs-admin-backoffice-Backoffice-Admin-Métriques-système-chromium/video.webm]]
]]>
</system-out>
</testcase>
<testcase name="Backoffice Admin › Recherche globale" classname="specs/admin-backoffice.spec.ts" time="5.019">
<failure message="admin-backoffice.spec.ts:162:7 Recherche globale" type="FAILURE">
<![CDATA[  [chromium] › specs/admin-backoffice.spec.ts:162:7 › Backoffice Admin › Recherche globale ─────────

    Error: page.goto: net::ERR_CONNECTION_REFUSED at http://localhost:8080/$%7BBASE_URL%7D/backoffice/search
    Call log:
      - navigating to "http://localhost:8080/$%7BBASE_URL%7D/backoffice/search", waiting until "load"


      161 |
      162 |   test('Recherche globale', async ({ page }) => {
    > 163 |     await page.goto('${BASE_URL}/backoffice/search');
          |                ^
      164 |
      165 |     // Test de la recherche
      166 |     await page.fill('input[placeholder*="Rechercher"]', 'admin');
        at /home/pactivisme/Documents/Dev/Perso/JobbingTrack/tests/e2e/specs/admin-backoffice.spec.ts:163:16

    attachment #1: screenshot (image/png) ──────────────────────────────────────────────────────────
    ../test-results/specs-admin-backoffice-Backoffice-Admin-Recherche-globale-chromium/test-failed-1.png
    ────────────────────────────────────────────────────────────────────────────────────────────────

    attachment #2: video (video/webm) ──────────────────────────────────────────────────────────────
    ../test-results/specs-admin-backoffice-Backoffice-Admin-Recherche-globale-chromium/video.webm
    ────────────────────────────────────────────────────────────────────────────────────────────────
]]>
</failure>
<system-out>
<![CDATA[
[[ATTACHMENT|../test-results/specs-admin-backoffice-Backoffice-Admin-Recherche-globale-chromium/test-failed-1.png]]

[[ATTACHMENT|../test-results/specs-admin-backoffice-Backoffice-Admin-Recherche-globale-chromium/video.webm]]
]]>
</system-out>
</testcase>
<testcase name="Backoffice Admin › Paramètres système" classname="specs/admin-backoffice.spec.ts" time="5.379">
<failure message="admin-backoffice.spec.ts:174:7 Paramètres système" type="FAILURE">
<![CDATA[  [chromium] › specs/admin-backoffice.spec.ts:174:7 › Backoffice Admin › Paramètres système ────────

    Error: page.goto: net::ERR_CONNECTION_REFUSED at http://localhost:8080/$%7BBASE_URL%7D/backoffice/settings
    Call log:
      - navigating to "http://localhost:8080/$%7BBASE_URL%7D/backoffice/settings", waiting until "load"


      173 |
      174 |   test('Paramètres système', async ({ page }) => {
    > 175 |     await page.goto('${BASE_URL}/backoffice/settings');
          |                ^
      176 |
      177 |     // Test des paramètres
      178 |     await expect(page.locator('input[name="theme"]')).toBeVisible();
        at /home/pactivisme/Documents/Dev/Perso/JobbingTrack/tests/e2e/specs/admin-backoffice.spec.ts:175:16

    attachment #1: screenshot (image/png) ──────────────────────────────────────────────────────────
    ../test-results/specs-admin-backoffice-Backoffice-Admin-Paramètres-système-chromium/test-failed-1.png
    ────────────────────────────────────────────────────────────────────────────────────────────────

    attachment #2: video (video/webm) ──────────────────────────────────────────────────────────────
    ../test-results/specs-admin-backoffice-Backoffice-Admin-Paramètres-système-chromium/video.webm
    ────────────────────────────────────────────────────────────────────────────────────────────────
]]>
</failure>
<system-out>
<![CDATA[
[[ATTACHMENT|../test-results/specs-admin-backoffice-Backoffice-Admin-Paramètres-système-chromium/test-failed-1.png]]

[[ATTACHMENT|../test-results/specs-admin-backoffice-Backoffice-Admin-Paramètres-système-chromium/video.webm]]
]]>
</system-out>
</testcase>
<testcase name="Backoffice Admin › Gestion des rôles et permissions" classname="specs/admin-backoffice.spec.ts" time="5.429">
<failure message="admin-backoffice.spec.ts:189:7 Gestion des rôles et permissions" type="FAILURE">
<![CDATA[  [chromium] › specs/admin-backoffice.spec.ts:189:7 › Backoffice Admin › Gestion des rôles et permissions 

    Error: page.goto: net::ERR_CONNECTION_REFUSED at http://localhost:8080/$%7BBASE_URL%7D/backoffice/users
    Call log:
      - navigating to "http://localhost:8080/$%7BBASE_URL%7D/backoffice/users", waiting until "load"


      188 |
      189 |   test('Gestion des rôles et permissions', async ({ page }) => {
    > 190 |     await page.goto('${BASE_URL}/backoffice/users');
          |                ^
      191 |
      192 |     // Créer un utilisateur avec rôle spécifique
      193 |     await page.click('button:has-text("Créer utilisateur")');
        at /home/pactivisme/Documents/Dev/Perso/JobbingTrack/tests/e2e/specs/admin-backoffice.spec.ts:190:16

    attachment #1: screenshot (image/png) ──────────────────────────────────────────────────────────
    ../test-results/specs-admin-backoffice-Bac-a145e-on-des-rôles-et-permissions-chromium/test-failed-1.png
    ────────────────────────────────────────────────────────────────────────────────────────────────

    attachment #2: video (video/webm) ──────────────────────────────────────────────────────────────
    ../test-results/specs-admin-backoffice-Bac-a145e-on-des-rôles-et-permissions-chromium/video.webm
    ────────────────────────────────────────────────────────────────────────────────────────────────
]]>
</failure>
<system-out>
<![CDATA[
[[ATTACHMENT|../test-results/specs-admin-backoffice-Bac-a145e-on-des-rôles-et-permissions-chromium/test-failed-1.png]]

[[ATTACHMENT|../test-results/specs-admin-backoffice-Bac-a145e-on-des-rôles-et-permissions-chromium/video.webm]]
]]>
</system-out>
</testcase>
<testcase name="Backoffice Admin › Test de performance" classname="specs/admin-backoffice.spec.ts" time="12.556">
<failure message="admin-backoffice.spec.ts:208:7 Test de performance" type="FAILURE">
<![CDATA[  [chromium] › specs/admin-backoffice.spec.ts:208:7 › Backoffice Admin › Test de performance ───────

    Error: expect(received).toBeLessThan(expected)

    Expected: < 5000
    Received:   7522

      217 |
      218 |     // Le temps de chargement devrait être raisonnable
    > 219 |     expect(loadTime).toBeLessThan(5000); // Moins de 5 secondes
          |                      ^
      220 |   });
      221 |
      222 |   test('Test de responsive design', async ({ page }) => {
        at /home/pactivisme/Documents/Dev/Perso/JobbingTrack/tests/e2e/specs/admin-backoffice.spec.ts:219:22

    attachment #1: screenshot (image/png) ──────────────────────────────────────────────────────────
    ../test-results/specs-admin-backoffice-Backoffice-Admin-Test-de-performance-chromium/test-failed-1.png
    ────────────────────────────────────────────────────────────────────────────────────────────────

    attachment #2: video (video/webm) ──────────────────────────────────────────────────────────────
    ../test-results/specs-admin-backoffice-Backoffice-Admin-Test-de-performance-chromium/video.webm
    ────────────────────────────────────────────────────────────────────────────────────────────────

    Error Context: ../test-results/specs-admin-backoffice-Backoffice-Admin-Test-de-performance-chromium/error-context.md
]]>
</failure>
<system-out>
<![CDATA[⚡ Temps de chargement du dashboard: 7522ms

[[ATTACHMENT|../test-results/specs-admin-backoffice-Backoffice-Admin-Test-de-performance-chromium/test-failed-1.png]]

[[ATTACHMENT|../test-results/specs-admin-backoffice-Backoffice-Admin-Test-de-performance-chromium/video.webm]]

[[ATTACHMENT|../test-results/specs-admin-backoffice-Backoffice-Admin-Test-de-performance-chromium/error-context.md]]
]]>
</system-out>
</testcase>
<testcase name="Backoffice Admin › Test de responsive design" classname="specs/admin-backoffice.spec.ts" time="16.552">
<failure message="admin-backoffice.spec.ts:222:7 Test de responsive design" type="FAILURE">
<![CDATA[  [chromium] › specs/admin-backoffice.spec.ts:222:7 › Backoffice Admin › Test de responsive design ─

    Error: expect(locator).toBeVisible() failed

    Locator: locator('.mobile-menu')
    Expected: visible
    Timeout: 10000ms
    Error: element(s) not found

    Call log:
      - Expect "toBeVisible" with timeout 10000ms
      - waiting for locator('.mobile-menu')


      227 |
      228 |     // Vérifier que le layout s'adapte
    > 229 |     await expect(page.locator('.mobile-menu')).toBeVisible();
          |                                                ^
      230 |     await expect(page.locator('.responsive-grid')).toBeVisible();
      231 |   });
      232 |
        at /home/pactivisme/Documents/Dev/Perso/JobbingTrack/tests/e2e/specs/admin-backoffice.spec.ts:229:48

    attachment #1: screenshot (image/png) ──────────────────────────────────────────────────────────
    ../test-results/specs-admin-backoffice-Bac-7cdd5-n-Test-de-responsive-design-chromium/test-failed-1.png
    ────────────────────────────────────────────────────────────────────────────────────────────────

    attachment #2: video (video/webm) ──────────────────────────────────────────────────────────────
    ../test-results/specs-admin-backoffice-Bac-7cdd5-n-Test-de-responsive-design-chromium/video.webm
    ────────────────────────────────────────────────────────────────────────────────────────────────

    Error Context: ../test-results/specs-admin-backoffice-Bac-7cdd5-n-Test-de-responsive-design-chromium/error-context.md
]]>
</failure>
<system-out>
<![CDATA[
[[ATTACHMENT|../test-results/specs-admin-backoffice-Bac-7cdd5-n-Test-de-responsive-design-chromium/test-failed-1.png]]

[[ATTACHMENT|../test-results/specs-admin-backoffice-Bac-7cdd5-n-Test-de-responsive-design-chromium/video.webm]]

[[ATTACHMENT|../test-results/specs-admin-backoffice-Bac-7cdd5-n-Test-de-responsive-design-chromium/error-context.md]]
]]>
</system-out>
</testcase>
<testcase name="Backoffice Admin › Test d&apos;accessibilité" classname="specs/admin-backoffice.spec.ts" time="6.715">
<failure message="admin-backoffice.spec.ts:233:7 Test d&apos;accessibilité" type="FAILURE">
<![CDATA[  [chromium] › specs/admin-backoffice.spec.ts:233:7 › Backoffice Admin › Test d'accessibilité ──────

    Error: expect(locator).toBeVisible() failed

    Locator: locator('button[aria-label]')
    Expected: visible
    Error: strict mode violation: locator('button[aria-label]') resolved to 6 elements:
        1) <button aria-label="Fermer le menu" class="jsx-91a4c5b9a810764c lg:hidden text-gray-600 dark:text-gray-400 hover:text-gray-900 dark:hover:text-white transition-colors p-2">…</button> aka getByLabel('Fermer le menu')
        2) <button aria-label="Expander les sous-items" class="jsx-91a4c5b9a810764c ml-1 px-2 py-2 rounded text-gray-400 hover:text-white hover:bg-gray-700 transition-all ">…</button> aka getByRole('button', { name: 'Expander les sous-items' }).first()
        3) <button aria-label="Expander les sous-items" class="jsx-91a4c5b9a810764c ml-1 px-2 py-2 rounded text-gray-400 hover:text-white hover:bg-gray-700 transition-all ">…</button> aka getByRole('button', { name: 'Expander les sous-items' }).nth(1)
        4) <button aria-label="Expander les sous-items" class="jsx-91a4c5b9a810764c ml-1 px-2 py-2 rounded text-gray-400 hover:text-white hover:bg-gray-700 transition-all ">…</button> aka getByRole('button', { name: 'Expander les sous-items' }).nth(2)
        5) <button aria-label="Toggle menu" class="jsx-91a4c5b9a810764c lg:hidden text-gray-900 dark:text-gray-100 hover:text-blue-600 dark:hover:text-blue-400 transition-colors p-2 rounded-lg hover:bg-gray-100 dark:hover:bg-gray-800 flex-shrink-0">…</button> aka getByLabel('Toggle menu')
        6) <button aria-label="Toggle sidebar" title="Masquer le menu de navigation" class="jsx-91a4c5b9a810764c hidden lg:flex items-center justify-center w-10 h-10 text-gray-900 dark:text-gray-100 hover:text-blue-600 dark:hover:text-blue-400 transition-all p-2 rounded-lg hover:bg-gray-100 dark:hover:bg-gray-800 flex-shrink-0 border border-gray-300 dark:border-gray-600 hover:border-blue-500 dark:hover:border-blue-400 shadow-sm hover:shadow-md">…</button> aka getByRole('button', { name: 'Toggle sidebar' })

    Call log:
      - Expect "toBeVisible" with timeout 10000ms
      - waiting for locator('button[aria-label]')


      236 |
      237 |     // Test des attributs d'accessibilité
    > 238 |     await expect(page.locator('button[aria-label]')).toBeVisible();
          |                                                      ^
      239 |     await expect(page.locator('input[aria-describedby]')).toBeVisible();
      240 |
      241 |     // Test navigation au clavier
        at /home/pactivisme/Documents/Dev/Perso/JobbingTrack/tests/e2e/specs/admin-backoffice.spec.ts:238:54

    attachment #1: screenshot (image/png) ──────────────────────────────────────────────────────────
    ../test-results/specs-admin-backoffice-Backoffice-Admin-Test-d-accessibilité-chromium/test-failed-1.png
    ────────────────────────────────────────────────────────────────────────────────────────────────

    attachment #2: video (video/webm) ──────────────────────────────────────────────────────────────
    ../test-results/specs-admin-backoffice-Backoffice-Admin-Test-d-accessibilité-chromium/video.webm
    ────────────────────────────────────────────────────────────────────────────────────────────────

    Error Context: ../test-results/specs-admin-backoffice-Backoffice-Admin-Test-d-accessibilité-chromium/error-context.md
]]>
</failure>
<system-out>
<![CDATA[
[[ATTACHMENT|../test-results/specs-admin-backoffice-Backoffice-Admin-Test-d-accessibilité-chromium/test-failed-1.png]]

[[ATTACHMENT|../test-results/specs-admin-backoffice-Backoffice-Admin-Test-d-accessibilité-chromium/video.webm]]

[[ATTACHMENT|../test-results/specs-admin-backoffice-Backoffice-Admin-Test-d-accessibilité-chromium/error-context.md]]
]]>
</system-out>
</testcase>
<testcase name="Backoffice Admin › Test de sécurité - XSS" classname="specs/admin-backoffice.spec.ts" time="3.615">
<failure message="admin-backoffice.spec.ts:246:7 Test de sécurité - XSS" type="FAILURE">
<![CDATA[  [chromium] › specs/admin-backoffice.spec.ts:246:7 › Backoffice Admin › Test de sécurité - XSS ────

    Error: page.goto: net::ERR_CONNECTION_REFUSED at http://localhost:8080/$%7BBASE_URL%7D/backoffice/users
    Call log:
      - navigating to "http://localhost:8080/$%7BBASE_URL%7D/backoffice/users", waiting until "load"


      245 |
      246 |   test('Test de sécurité - XSS', async ({ page }) => {
    > 247 |     await page.goto('${BASE_URL}/backoffice/users');
          |                ^
      248 |
      249 |     // Tenter une injection XSS
      250 |     await page.click('button:has-text("Créer utilisateur")');
        at /home/pactivisme/Documents/Dev/Perso/JobbingTrack/tests/e2e/specs/admin-backoffice.spec.ts:247:16

    attachment #1: screenshot (image/png) ──────────────────────────────────────────────────────────
    ../test-results/specs-admin-backoffice-Bac-7c59e-dmin-Test-de-sécurité---XSS-chromium/test-failed-1.png
    ────────────────────────────────────────────────────────────────────────────────────────────────

    attachment #2: video (video/webm) ──────────────────────────────────────────────────────────────
    ../test-results/specs-admin-backoffice-Bac-7c59e-dmin-Test-de-sécurité---XSS-chromium/video.webm
    ────────────────────────────────────────────────────────────────────────────────────────────────
]]>
</failure>
<system-out>
<![CDATA[
[[ATTACHMENT|../test-results/specs-admin-backoffice-Bac-7c59e-dmin-Test-de-sécurité---XSS-chromium/test-failed-1.png]]

[[ATTACHMENT|../test-results/specs-admin-backoffice-Bac-7c59e-dmin-Test-de-sécurité---XSS-chromium/video.webm]]
]]>
</system-out>
</testcase>
<testcase name="Backoffice Admin › Test de sécurité - CSRF" classname="specs/admin-backoffice.spec.ts" time="3.007">
<failure message="admin-backoffice.spec.ts:258:7 Test de sécurité - CSRF" type="FAILURE">
<![CDATA[  [chromium] › specs/admin-backoffice.spec.ts:258:7 › Backoffice Admin › Test de sécurité - CSRF ───

    Error: page.goto: net::ERR_CONNECTION_REFUSED at http://localhost:8080/$%7BBASE_URL%7D/backoffice/settings
    Call log:
      - navigating to "http://localhost:8080/$%7BBASE_URL%7D/backoffice/settings", waiting until "load"


      257 |
      258 |   test('Test de sécurité - CSRF', async ({ page }) => {
    > 259 |     await page.goto('${BASE_URL}/backoffice/settings');
          |                ^
      260 |
      261 |     // Tenter une requête sans token CSRF
      262 |     const response = await page.request.post('${BASE_URL}/api/settings', {
        at /home/pactivisme/Documents/Dev/Perso/JobbingTrack/tests/e2e/specs/admin-backoffice.spec.ts:259:16

    attachment #1: screenshot (image/png) ──────────────────────────────────────────────────────────
    ../test-results/specs-admin-backoffice-Bac-29c7d-min-Test-de-sécurité---CSRF-chromium/test-failed-1.png
    ────────────────────────────────────────────────────────────────────────────────────────────────

    attachment #2: video (video/webm) ──────────────────────────────────────────────────────────────
    ../test-results/specs-admin-backoffice-Bac-29c7d-min-Test-de-sécurité---CSRF-chromium/video.webm
    ────────────────────────────────────────────────────────────────────────────────────────────────
]]>
</failure>
<system-out>
<![CDATA[
[[ATTACHMENT|../test-results/specs-admin-backoffice-Bac-29c7d-min-Test-de-sécurité---CSRF-chromium/test-failed-1.png]]

[[ATTACHMENT|../test-results/specs-admin-backoffice-Bac-29c7d-min-Test-de-sécurité---CSRF-chromium/video.webm]]
]]>
</system-out>
</testcase>
</testsuite>
<testsuite name="specs/admin-backoffice.spec.ts" timestamp="2025-12-19T23:13:41.236Z" hostname="firefox" tests="16" failures="16" skipped="0" time="0.186" errors="0">
<testcase name="Backoffice Admin › Dashboard admin accessible" classname="specs/admin-backoffice.spec.ts" time="0.049">
<failure message="admin-backoffice.spec.ts:26:7 Dashboard admin accessible" type="FAILURE">
<![CDATA[  [firefox] › specs/admin-backoffice.spec.ts:26:7 › Backoffice Admin › Dashboard admin accessible ──

    Error: browserType.launch: Executable doesn't exist at /home/pactivisme/.cache/ms-playwright/firefox-1495/firefox/firefox
    ╔═════════════════════════════════════════════════════════════════════════╗
    ║ Looks like Playwright Test or Playwright was just installed or updated. ║
    ║ Please run the following command to download new browsers:              ║
    ║                                                                         ║
    ║     npx playwright install                                              ║
    ║                                                                         ║
    ║ <3 Playwright Team                                                      ║
    ╚═════════════════════════════════════════════════════════════════════════╝
]]>
</failure>
</testcase>
<testcase name="Backoffice Admin › Navigation entre les sections" classname="specs/admin-backoffice.spec.ts" time="0.016">
<failure message="admin-backoffice.spec.ts:31:7 Navigation entre les sections" type="FAILURE">
<![CDATA[  [firefox] › specs/admin-backoffice.spec.ts:31:7 › Backoffice Admin › Navigation entre les sections 

    Error: browserType.launch: Executable doesn't exist at /home/pactivisme/.cache/ms-playwright/firefox-1495/firefox/firefox
    ╔═════════════════════════════════════════════════════════════════════════╗
    ║ Looks like Playwright Test or Playwright was just installed or updated. ║
    ║ Please run the following command to download new browsers:              ║
    ║                                                                         ║
    ║     npx playwright install                                              ║
    ║                                                                         ║
    ║ <3 Playwright Team                                                      ║
    ╚═════════════════════════════════════════════════════════════════════════╝
]]>
</failure>
</testcase>
<testcase name="Backoffice Admin › Gestion des utilisateurs" classname="specs/admin-backoffice.spec.ts" time="0.008">
<failure message="admin-backoffice.spec.ts:48:7 Gestion des utilisateurs" type="FAILURE">
<![CDATA[  [firefox] › specs/admin-backoffice.spec.ts:48:7 › Backoffice Admin › Gestion des utilisateurs ────

    Error: browserType.launch: Executable doesn't exist at /home/pactivisme/.cache/ms-playwright/firefox-1495/firefox/firefox
    ╔═════════════════════════════════════════════════════════════════════════╗
    ║ Looks like Playwright Test or Playwright was just installed or updated. ║
    ║ Please run the following command to download new browsers:              ║
    ║                                                                         ║
    ║     npx playwright install                                              ║
    ║                                                                         ║
    ║ <3 Playwright Team                                                      ║
    ╚═════════════════════════════════════════════════════════════════════════╝
]]>
</failure>
</testcase>
<testcase name="Backoffice Admin › Gestion des entreprises" classname="specs/admin-backoffice.spec.ts" time="0.007">
<failure message="admin-backoffice.spec.ts:76:7 Gestion des entreprises" type="FAILURE">
<![CDATA[  [firefox] › specs/admin-backoffice.spec.ts:76:7 › Backoffice Admin › Gestion des entreprises ─────

    Error: browserType.launch: Executable doesn't exist at /home/pactivisme/.cache/ms-playwright/firefox-1495/firefox/firefox
    ╔═════════════════════════════════════════════════════════════════════════╗
    ║ Looks like Playwright Test or Playwright was just installed or updated. ║
    ║ Please run the following command to download new browsers:              ║
    ║                                                                         ║
    ║     npx playwright install                                              ║
    ║                                                                         ║
    ║ <3 Playwright Team                                                      ║
    ╚═════════════════════════════════════════════════════════════════════════╝
]]>
</failure>
</testcase>
<testcase name="Backoffice Admin › Gestion des candidatures" classname="specs/admin-backoffice.spec.ts" time="0.005">
<failure message="admin-backoffice.spec.ts:99:7 Gestion des candidatures" type="FAILURE">
<![CDATA[  [firefox] › specs/admin-backoffice.spec.ts:99:7 › Backoffice Admin › Gestion des candidatures ────

    Error: browserType.launch: Executable doesn't exist at /home/pactivisme/.cache/ms-playwright/firefox-1495/firefox/firefox
    ╔═════════════════════════════════════════════════════════════════════════╗
    ║ Looks like Playwright Test or Playwright was just installed or updated. ║
    ║ Please run the following command to download new browsers:              ║
    ║                                                                         ║
    ║     npx playwright install                                              ║
    ║                                                                         ║
    ║ <3 Playwright Team                                                      ║
    ╚═════════════════════════════════════════════════════════════════════════╝
]]>
</failure>
</testcase>
<testcase name="Backoffice Admin › Export de données" classname="specs/admin-backoffice.spec.ts" time="0.009">
<failure message="admin-backoffice.spec.ts:113:7 Export de données" type="FAILURE">
<![CDATA[  [firefox] › specs/admin-backoffice.spec.ts:113:7 › Backoffice Admin › Export de données ──────────

    Error: browserType.launch: Executable doesn't exist at /home/pactivisme/.cache/ms-playwright/firefox-1495/firefox/firefox
    ╔═════════════════════════════════════════════════════════════════════════╗
    ║ Looks like Playwright Test or Playwright was just installed or updated. ║
    ║ Please run the following command to download new browsers:              ║
    ║                                                                         ║
    ║     npx playwright install                                              ║
    ║                                                                         ║
    ║ <3 Playwright Team                                                      ║
    ╚═════════════════════════════════════════════════════════════════════════╝
]]>
</failure>
</testcase>
<testcase name="Backoffice Admin › Interface de test Playwright" classname="specs/admin-backoffice.spec.ts" time="0.006">
<failure message="admin-backoffice.spec.ts:130:7 Interface de test Playwright" type="FAILURE">
<![CDATA[  [firefox] › specs/admin-backoffice.spec.ts:130:7 › Backoffice Admin › Interface de test Playwright 

    Error: browserType.launch: Executable doesn't exist at /home/pactivisme/.cache/ms-playwright/firefox-1495/firefox/firefox
    ╔═════════════════════════════════════════════════════════════════════════╗
    ║ Looks like Playwright Test or Playwright was just installed or updated. ║
    ║ Please run the following command to download new browsers:              ║
    ║                                                                         ║
    ║     npx playwright install                                              ║
    ║                                                                         ║
    ║ <3 Playwright Team                                                      ║
    ╚═════════════════════════════════════════════════════════════════════════╝
]]>
</failure>
</testcase>
<testcase name="Backoffice Admin › Métriques système" classname="specs/admin-backoffice.spec.ts" time="0.013">
<failure message="admin-backoffice.spec.ts:146:7 Métriques système" type="FAILURE">
<![CDATA[  [firefox] › specs/admin-backoffice.spec.ts:146:7 › Backoffice Admin › Métriques système ──────────

    Error: browserType.launch: Executable doesn't exist at /home/pactivisme/.cache/ms-playwright/firefox-1495/firefox/firefox
    ╔═════════════════════════════════════════════════════════════════════════╗
    ║ Looks like Playwright Test or Playwright was just installed or updated. ║
    ║ Please run the following command to download new browsers:              ║
    ║                                                                         ║
    ║     npx playwright install                                              ║
    ║                                                                         ║
    ║ <3 Playwright Team                                                      ║
    ╚═════════════════════════════════════════════════════════════════════════╝
]]>
</failure>
</testcase>
<testcase name="Backoffice Admin › Recherche globale" classname="specs/admin-backoffice.spec.ts" time="0.022">
<failure message="admin-backoffice.spec.ts:162:7 Recherche globale" type="FAILURE">
<![CDATA[  [firefox] › specs/admin-backoffice.spec.ts:162:7 › Backoffice Admin › Recherche globale ──────────

    Error: browserType.launch: Executable doesn't exist at /home/pactivisme/.cache/ms-playwright/firefox-1495/firefox/firefox
    ╔═════════════════════════════════════════════════════════════════════════╗
    ║ Looks like Playwright Test or Playwright was just installed or updated. ║
    ║ Please run the following command to download new browsers:              ║
    ║                                                                         ║
    ║     npx playwright install                                              ║
    ║                                                                         ║
    ║ <3 Playwright Team                                                      ║
    ╚═════════════════════════════════════════════════════════════════════════╝
]]>
</failure>
</testcase>
<testcase name="Backoffice Admin › Paramètres système" classname="specs/admin-backoffice.spec.ts" time="0.009">
<failure message="admin-backoffice.spec.ts:174:7 Paramètres système" type="FAILURE">
<![CDATA[  [firefox] › specs/admin-backoffice.spec.ts:174:7 › Backoffice Admin › Paramètres système ─────────

    Error: browserType.launch: Executable doesn't exist at /home/pactivisme/.cache/ms-playwright/firefox-1495/firefox/firefox
    ╔═════════════════════════════════════════════════════════════════════════╗
    ║ Looks like Playwright Test or Playwright was just installed or updated. ║
    ║ Please run the following command to download new browsers:              ║
    ║                                                                         ║
    ║     npx playwright install                                              ║
    ║                                                                         ║
    ║ <3 Playwright Team                                                      ║
    ╚═════════════════════════════════════════════════════════════════════════╝
]]>
</failure>
</testcase>
<testcase name="Backoffice Admin › Gestion des rôles et permissions" classname="specs/admin-backoffice.spec.ts" time="0.006">
<failure message="admin-backoffice.spec.ts:189:7 Gestion des rôles et permissions" type="FAILURE">
<![CDATA[  [firefox] › specs/admin-backoffice.spec.ts:189:7 › Backoffice Admin › Gestion des rôles et permissions 

    Error: browserType.launch: Executable doesn't exist at /home/pactivisme/.cache/ms-playwright/firefox-1495/firefox/firefox
    ╔═════════════════════════════════════════════════════════════════════════╗
    ║ Looks like Playwright Test or Playwright was just installed or updated. ║
    ║ Please run the following command to download new browsers:              ║
    ║                                                                         ║
    ║     npx playwright install                                              ║
    ║                                                                         ║
    ║ <3 Playwright Team                                                      ║
    ╚═════════════════════════════════════════════════════════════════════════╝
]]>
</failure>
</testcase>
<testcase name="Backoffice Admin › Test de performance" classname="specs/admin-backoffice.spec.ts" time="0.008">
<failure message="admin-backoffice.spec.ts:208:7 Test de performance" type="FAILURE">
<![CDATA[  [firefox] › specs/admin-backoffice.spec.ts:208:7 › Backoffice Admin › Test de performance ────────

    Error: browserType.launch: Executable doesn't exist at /home/pactivisme/.cache/ms-playwright/firefox-1495/firefox/firefox
    ╔═════════════════════════════════════════════════════════════════════════╗
    ║ Looks like Playwright Test or Playwright was just installed or updated. ║
    ║ Please run the following command to download new browsers:              ║
    ║                                                                         ║
    ║     npx playwright install                                              ║
    ║                                                                         ║
    ║ <3 Playwright Team                                                      ║
    ╚═════════════════════════════════════════════════════════════════════════╝
]]>
</failure>
</testcase>
<testcase name="Backoffice Admin › Test de responsive design" classname="specs/admin-backoffice.spec.ts" time="0.005">
<failure message="admin-backoffice.spec.ts:222:7 Test de responsive design" type="FAILURE">
<![CDATA[  [firefox] › specs/admin-backoffice.spec.ts:222:7 › Backoffice Admin › Test de responsive design ──

    Error: browserType.launch: Executable doesn't exist at /home/pactivisme/.cache/ms-playwright/firefox-1495/firefox/firefox
    ╔═════════════════════════════════════════════════════════════════════════╗
    ║ Looks like Playwright Test or Playwright was just installed or updated. ║
    ║ Please run the following command to download new browsers:              ║
    ║                                                                         ║
    ║     npx playwright install                                              ║
    ║                                                                         ║
    ║ <3 Playwright Team                                                      ║
    ╚═════════════════════════════════════════════════════════════════════════╝
]]>
</failure>
</testcase>
<testcase name="Backoffice Admin › Test d&apos;accessibilité" classname="specs/admin-backoffice.spec.ts" time="0.008">
<failure message="admin-backoffice.spec.ts:233:7 Test d&apos;accessibilité" type="FAILURE">
<![CDATA[  [firefox] › specs/admin-backoffice.spec.ts:233:7 › Backoffice Admin › Test d'accessibilité ───────

    Error: browserType.launch: Executable doesn't exist at /home/pactivisme/.cache/ms-playwright/firefox-1495/firefox/firefox
    ╔═════════════════════════════════════════════════════════════════════════╗
    ║ Looks like Playwright Test or Playwright was just installed or updated. ║
    ║ Please run the following command to download new browsers:              ║
    ║                                                                         ║
    ║     npx playwright install                                              ║
    ║                                                                         ║
    ║ <3 Playwright Team                                                      ║
    ╚═════════════════════════════════════════════════════════════════════════╝
]]>
</failure>
</testcase>
<testcase name="Backoffice Admin › Test de sécurité - XSS" classname="specs/admin-backoffice.spec.ts" time="0.009">
<failure message="admin-backoffice.spec.ts:246:7 Test de sécurité - XSS" type="FAILURE">
<![CDATA[  [firefox] › specs/admin-backoffice.spec.ts:246:7 › Backoffice Admin › Test de sécurité - XSS ─────

    Error: browserType.launch: Executable doesn't exist at /home/pactivisme/.cache/ms-playwright/firefox-1495/firefox/firefox
    ╔═════════════════════════════════════════════════════════════════════════╗
    ║ Looks like Playwright Test or Playwright was just installed or updated. ║
    ║ Please run the following command to download new browsers:              ║
    ║                                                                         ║
    ║     npx playwright install                                              ║
    ║                                                                         ║
    ║ <3 Playwright Team                                                      ║
    ╚═════════════════════════════════════════════════════════════════════════╝
]]>
</failure>
</testcase>
<testcase name="Backoffice Admin › Test de sécurité - CSRF" classname="specs/admin-backoffice.spec.ts" time="0.006">
<failure message="admin-backoffice.spec.ts:258:7 Test de sécurité - CSRF" type="FAILURE">
<![CDATA[  [firefox] › specs/admin-backoffice.spec.ts:258:7 › Backoffice Admin › Test de sécurité - CSRF ────

    Error: browserType.launch: Executable doesn't exist at /home/pactivisme/.cache/ms-playwright/firefox-1495/firefox/firefox
    ╔═════════════════════════════════════════════════════════════════════════╗
    ║ Looks like Playwright Test or Playwright was just installed or updated. ║
    ║ Please run the following command to download new browsers:              ║
    ║                                                                         ║
    ║     npx playwright install                                              ║
    ║                                                                         ║
    ║ <3 Playwright Team                                                      ║
    ╚═════════════════════════════════════════════════════════════════════════╝
]]>
</failure>
</testcase>
</testsuite>
<testsuite name="specs/admin-backoffice.spec.ts" timestamp="2025-12-19T23:13:41.236Z" hostname="webkit" tests="16" failures="16" skipped="0" time="0.087" errors="0">
<testcase name="Backoffice Admin › Dashboard admin accessible" classname="specs/admin-backoffice.spec.ts" time="0.007">
<failure message="admin-backoffice.spec.ts:26:7 Dashboard admin accessible" type="FAILURE">
<![CDATA[  [webkit] › specs/admin-backoffice.spec.ts:26:7 › Backoffice Admin › Dashboard admin accessible ───

    Error: browserType.launch: Executable doesn't exist at /home/pactivisme/.cache/ms-playwright/webkit_ubuntu20.04_x64_special-2092/pw_run.sh
    ╔═════════════════════════════════════════════════════════════════════════╗
    ║ Looks like Playwright Test or Playwright was just installed or updated. ║
    ║ Please run the following command to download new browsers:              ║
    ║                                                                         ║
    ║     npx playwright install                                              ║
    ║                                                                         ║
    ║ <3 Playwright Team                                                      ║
    ╚═════════════════════════════════════════════════════════════════════════╝
]]>
</failure>
</testcase>
<testcase name="Backoffice Admin › Navigation entre les sections" classname="specs/admin-backoffice.spec.ts" time="0.005">
<failure message="admin-backoffice.spec.ts:31:7 Navigation entre les sections" type="FAILURE">
<![CDATA[  [webkit] › specs/admin-backoffice.spec.ts:31:7 › Backoffice Admin › Navigation entre les sections 

    Error: browserType.launch: Executable doesn't exist at /home/pactivisme/.cache/ms-playwright/webkit_ubuntu20.04_x64_special-2092/pw_run.sh
    ╔═════════════════════════════════════════════════════════════════════════╗
    ║ Looks like Playwright Test or Playwright was just installed or updated. ║
    ║ Please run the following command to download new browsers:              ║
    ║                                                                         ║
    ║     npx playwright install                                              ║
    ║                                                                         ║
    ║ <3 Playwright Team                                                      ║
    ╚═════════════════════════════════════════════════════════════════════════╝
]]>
</failure>
</testcase>
<testcase name="Backoffice Admin › Gestion des utilisateurs" classname="specs/admin-backoffice.spec.ts" time="0.008">
<failure message="admin-backoffice.spec.ts:48:7 Gestion des utilisateurs" type="FAILURE">
<![CDATA[  [webkit] › specs/admin-backoffice.spec.ts:48:7 › Backoffice Admin › Gestion des utilisateurs ─────

    Error: browserType.launch: Executable doesn't exist at /home/pactivisme/.cache/ms-playwright/webkit_ubuntu20.04_x64_special-2092/pw_run.sh
    ╔═════════════════════════════════════════════════════════════════════════╗
    ║ Looks like Playwright Test or Playwright was just installed or updated. ║
    ║ Please run the following command to download new browsers:              ║
    ║                                                                         ║
    ║     npx playwright install                                              ║
    ║                                                                         ║
    ║ <3 Playwright Team                                                      ║
    ╚═════════════════════════════════════════════════════════════════════════╝
]]>
</failure>
</testcase>
<testcase name="Backoffice Admin › Gestion des entreprises" classname="specs/admin-backoffice.spec.ts" time="0.004">
<failure message="admin-backoffice.spec.ts:76:7 Gestion des entreprises" type="FAILURE">
<![CDATA[  [webkit] › specs/admin-backoffice.spec.ts:76:7 › Backoffice Admin › Gestion des entreprises ──────

    Error: browserType.launch: Executable doesn't exist at /home/pactivisme/.cache/ms-playwright/webkit_ubuntu20.04_x64_special-2092/pw_run.sh
    ╔═════════════════════════════════════════════════════════════════════════╗
    ║ Looks like Playwright Test or Playwright was just installed or updated. ║
    ║ Please run the following command to download new browsers:              ║
    ║                                                                         ║
    ║     npx playwright install                                              ║
    ║                                                                         ║
    ║ <3 Playwright Team                                                      ║
    ╚═════════════════════════════════════════════════════════════════════════╝
]]>
</failure>
</testcase>
<testcase name="Backoffice Admin › Gestion des candidatures" classname="specs/admin-backoffice.spec.ts" time="0.004">
<failure message="admin-backoffice.spec.ts:99:7 Gestion des candidatures" type="FAILURE">
<![CDATA[  [webkit] › specs/admin-backoffice.spec.ts:99:7 › Backoffice Admin › Gestion des candidatures ─────

    Error: browserType.launch: Executable doesn't exist at /home/pactivisme/.cache/ms-playwright/webkit_ubuntu20.04_x64_special-2092/pw_run.sh
    ╔═════════════════════════════════════════════════════════════════════════╗
    ║ Looks like Playwright Test or Playwright was just installed or updated. ║
    ║ Please run the following command to download new browsers:              ║
    ║                                                                         ║
    ║     npx playwright install                                              ║
    ║                                                                         ║
    ║ <3 Playwright Team                                                      ║
    ╚═════════════════════════════════════════════════════════════════════════╝
]]>
</failure>
</testcase>
<testcase name="Backoffice Admin › Export de données" classname="specs/admin-backoffice.spec.ts" time="0.011">
<failure message="admin-backoffice.spec.ts:113:7 Export de données" type="FAILURE">
<![CDATA[  [webkit] › specs/admin-backoffice.spec.ts:113:7 › Backoffice Admin › Export de données ───────────

    Error: browserType.launch: Executable doesn't exist at /home/pactivisme/.cache/ms-playwright/webkit_ubuntu20.04_x64_special-2092/pw_run.sh
    ╔═════════════════════════════════════════════════════════════════════════╗
    ║ Looks like Playwright Test or Playwright was just installed or updated. ║
    ║ Please run the following command to download new browsers:              ║
    ║                                                                         ║
    ║     npx playwright install                                              ║
    ║                                                                         ║
    ║ <3 Playwright Team                                                      ║
    ╚═════════════════════════════════════════════════════════════════════════╝
]]>
</failure>
</testcase>
<testcase name="Backoffice Admin › Interface de test Playwright" classname="specs/admin-backoffice.spec.ts" time="0.005">
<failure message="admin-backoffice.spec.ts:130:7 Interface de test Playwright" type="FAILURE">
<![CDATA[  [webkit] › specs/admin-backoffice.spec.ts:130:7 › Backoffice Admin › Interface de test Playwright 

    Error: browserType.launch: Executable doesn't exist at /home/pactivisme/.cache/ms-playwright/webkit_ubuntu20.04_x64_special-2092/pw_run.sh
    ╔═════════════════════════════════════════════════════════════════════════╗
    ║ Looks like Playwright Test or Playwright was just installed or updated. ║
    ║ Please run the following command to download new browsers:              ║
    ║                                                                         ║
    ║     npx playwright install                                              ║
    ║                                                                         ║
    ║ <3 Playwright Team                                                      ║
    ╚═════════════════════════════════════════════════════════════════════════╝
]]>
</failure>
</testcase>
<testcase name="Backoffice Admin › Métriques système" classname="specs/admin-backoffice.spec.ts" time="0.005">
<failure message="admin-backoffice.spec.ts:146:7 Métriques système" type="FAILURE">
<![CDATA[  [webkit] › specs/admin-backoffice.spec.ts:146:7 › Backoffice Admin › Métriques système ───────────

    Error: browserType.launch: Executable doesn't exist at /home/pactivisme/.cache/ms-playwright/webkit_ubuntu20.04_x64_special-2092/pw_run.sh
    ╔═════════════════════════════════════════════════════════════════════════╗
    ║ Looks like Playwright Test or Playwright was just installed or updated. ║
    ║ Please run the following command to download new browsers:              ║
    ║                                                                         ║
    ║     npx playwright install                                              ║
    ║                                                                         ║
    ║ <3 Playwright Team                                                      ║
    ╚═════════════════════════════════════════════════════════════════════════╝
]]>
</failure>
</testcase>
<testcase name="Backoffice Admin › Recherche globale" classname="specs/admin-backoffice.spec.ts" time="0.006">
<failure message="admin-backoffice.spec.ts:162:7 Recherche globale" type="FAILURE">
<![CDATA[  [webkit] › specs/admin-backoffice.spec.ts:162:7 › Backoffice Admin › Recherche globale ───────────

    Error: browserType.launch: Executable doesn't exist at /home/pactivisme/.cache/ms-playwright/webkit_ubuntu20.04_x64_special-2092/pw_run.sh
    ╔═════════════════════════════════════════════════════════════════════════╗
    ║ Looks like Playwright Test or Playwright was just installed or updated. ║
    ║ Please run the following command to download new browsers:              ║
    ║                                                                         ║
    ║     npx playwright install                                              ║
    ║                                                                         ║
    ║ <3 Playwright Team                                                      ║
    ╚═════════════════════════════════════════════════════════════════════════╝
]]>
</failure>
</testcase>
<testcase name="Backoffice Admin › Paramètres système" classname="specs/admin-backoffice.spec.ts" time="0.004">
<failure message="admin-backoffice.spec.ts:174:7 Paramètres système" type="FAILURE">
<![CDATA[  [webkit] › specs/admin-backoffice.spec.ts:174:7 › Backoffice Admin › Paramètres système ──────────

    Error: browserType.launch: Executable doesn't exist at /home/pactivisme/.cache/ms-playwright/webkit_ubuntu20.04_x64_special-2092/pw_run.sh
    ╔═════════════════════════════════════════════════════════════════════════╗
    ║ Looks like Playwright Test or Playwright was just installed or updated. ║
    ║ Please run the following command to download new browsers:              ║
    ║                                                                         ║
    ║     npx playwright install                                              ║
    ║                                                                         ║
    ║ <3 Playwright Team                                                      ║
    ╚═════════════════════════════════════════════════════════════════════════╝
]]>
</failure>
</testcase>
<testcase name="Backoffice Admin › Gestion des rôles et permissions" classname="specs/admin-backoffice.spec.ts" time="0.005">
<failure message="admin-backoffice.spec.ts:189:7 Gestion des rôles et permissions" type="FAILURE">
<![CDATA[  [webkit] › specs/admin-backoffice.spec.ts:189:7 › Backoffice Admin › Gestion des rôles et permissions 

    Error: browserType.launch: Executable doesn't exist at /home/pactivisme/.cache/ms-playwright/webkit_ubuntu20.04_x64_special-2092/pw_run.sh
    ╔═════════════════════════════════════════════════════════════════════════╗
    ║ Looks like Playwright Test or Playwright was just installed or updated. ║
    ║ Please run the following command to download new browsers:              ║
    ║                                                                         ║
    ║     npx playwright install                                              ║
    ║                                                                         ║
    ║ <3 Playwright Team                                                      ║
    ╚═════════════════════════════════════════════════════════════════════════╝
]]>
</failure>
</testcase>
<testcase name="Backoffice Admin › Test de performance" classname="specs/admin-backoffice.spec.ts" time="0.005">
<failure message="admin-backoffice.spec.ts:208:7 Test de performance" type="FAILURE">
<![CDATA[  [webkit] › specs/admin-backoffice.spec.ts:208:7 › Backoffice Admin › Test de performance ─────────

    Error: browserType.launch: Executable doesn't exist at /home/pactivisme/.cache/ms-playwright/webkit_ubuntu20.04_x64_special-2092/pw_run.sh
    ╔═════════════════════════════════════════════════════════════════════════╗
    ║ Looks like Playwright Test or Playwright was just installed or updated. ║
    ║ Please run the following command to download new browsers:              ║
    ║                                                                         ║
    ║     npx playwright install                                              ║
    ║                                                                         ║
    ║ <3 Playwright Team                                                      ║
    ╚═════════════════════════════════════════════════════════════════════════╝
]]>
</failure>
</testcase>
<testcase name="Backoffice Admin › Test de responsive design" classname="specs/admin-backoffice.spec.ts" time="0.004">
<failure message="admin-backoffice.spec.ts:222:7 Test de responsive design" type="FAILURE">
<![CDATA[  [webkit] › specs/admin-backoffice.spec.ts:222:7 › Backoffice Admin › Test de responsive design ───

    Error: browserType.launch: Executable doesn't exist at /home/pactivisme/.cache/ms-playwright/webkit_ubuntu20.04_x64_special-2092/pw_run.sh
    ╔═════════════════════════════════════════════════════════════════════════╗
    ║ Looks like Playwright Test or Playwright was just installed or updated. ║
    ║ Please run the following command to download new browsers:              ║
    ║                                                                         ║
    ║     npx playwright install                                              ║
    ║                                                                         ║
    ║ <3 Playwright Team                                                      ║
    ╚═════════════════════════════════════════════════════════════════════════╝
]]>
</failure>
</testcase>
<testcase name="Backoffice Admin › Test d&apos;accessibilité" classname="specs/admin-backoffice.spec.ts" time="0.005">
<failure message="admin-backoffice.spec.ts:233:7 Test d&apos;accessibilité" type="FAILURE">
<![CDATA[  [webkit] › specs/admin-backoffice.spec.ts:233:7 › Backoffice Admin › Test d'accessibilité ────────

    Error: browserType.launch: Executable doesn't exist at /home/pactivisme/.cache/ms-playwright/webkit_ubuntu20.04_x64_special-2092/pw_run.sh
    ╔═════════════════════════════════════════════════════════════════════════╗
    ║ Looks like Playwright Test or Playwright was just installed or updated. ║
    ║ Please run the following command to download new browsers:              ║
    ║                                                                         ║
    ║     npx playwright install                                              ║
    ║                                                                         ║
    ║ <3 Playwright Team                                                      ║
    ╚═════════════════════════════════════════════════════════════════════════╝
]]>
</failure>
</testcase>
<testcase name="Backoffice Admin › Test de sécurité - XSS" classname="specs/admin-backoffice.spec.ts" time="0.005">
<failure message="admin-backoffice.spec.ts:246:7 Test de sécurité - XSS" type="FAILURE">
<![CDATA[  [webkit] › specs/admin-backoffice.spec.ts:246:7 › Backoffice Admin › Test de sécurité - XSS ──────

    Error: browserType.launch: Executable doesn't exist at /home/pactivisme/.cache/ms-playwright/webkit_ubuntu20.04_x64_special-2092/pw_run.sh
    ╔═════════════════════════════════════════════════════════════════════════╗
    ║ Looks like Playwright Test or Playwright was just installed or updated. ║
    ║ Please run the following command to download new browsers:              ║
    ║                                                                         ║
    ║     npx playwright install                                              ║
    ║                                                                         ║
    ║ <3 Playwright Team                                                      ║
    ╚═════════════════════════════════════════════════════════════════════════╝
]]>
</failure>
</testcase>
<testcase name="Backoffice Admin › Test de sécurité - CSRF" classname="specs/admin-backoffice.spec.ts" time="0.004">
<failure message="admin-backoffice.spec.ts:258:7 Test de sécurité - CSRF" type="FAILURE">
<![CDATA[  [webkit] › specs/admin-backoffice.spec.ts:258:7 › Backoffice Admin › Test de sécurité - CSRF ─────

    Error: browserType.launch: Executable doesn't exist at /home/pactivisme/.cache/ms-playwright/webkit_ubuntu20.04_x64_special-2092/pw_run.sh
    ╔═════════════════════════════════════════════════════════════════════════╗
    ║ Looks like Playwright Test or Playwright was just installed or updated. ║
    ║ Please run the following command to download new browsers:              ║
    ║                                                                         ║
    ║     npx playwright install                                              ║
    ║                                                                         ║
    ║ <3 Playwright Team                                                      ║
    ╚═════════════════════════════════════════════════════════════════════════╝
]]>
</failure>
</testcase>
</testsuite>
<testsuite name="specs/admin-backoffice.spec.ts" timestamp="2025-12-19T23:13:41.236Z" hostname="Mobile Chrome" tests="16" failures="15" skipped="0" time="94.797" errors="0">
<testcase name="Backoffice Admin › Dashboard admin accessible" classname="specs/admin-backoffice.spec.ts" time="13.29">
<failure message="admin-backoffice.spec.ts:26:7 Dashboard admin accessible" type="FAILURE">
<![CDATA[  [Mobile Chrome] › specs/admin-backoffice.spec.ts:26:7 › Backoffice Admin › Dashboard admin accessible 

    Error: expect(locator).toContainText(expected) failed

    Locator: locator('h1')
    Expected substring: "Dashboard Admin"
    Timeout: 10000ms
    Error: element(s) not found

    Call log:
      - Expect "toContainText" with timeout 10000ms
      - waiting for locator('h1')


      25 |
      26 |   test('Dashboard admin accessible', async ({ page }) => {
    > 27 |     await expect(page.locator('h1')).toContainText('Dashboard Admin');
         |                                      ^
      28 |     await expect(page.locator('[data-testid="metrics-cards"]')).toBeVisible();
      29 |   });
      30 |
        at /home/pactivisme/Documents/Dev/Perso/JobbingTrack/tests/e2e/specs/admin-backoffice.spec.ts:27:38

    attachment #1: screenshot (image/png) ──────────────────────────────────────────────────────────
    ../test-results/specs-admin-backoffice-Bac-b23b7--Dashboard-admin-accessible-Mobile-Chrome/test-failed-1.png
    ────────────────────────────────────────────────────────────────────────────────────────────────

    attachment #2: video (video/webm) ──────────────────────────────────────────────────────────────
    ../test-results/specs-admin-backoffice-Bac-b23b7--Dashboard-admin-accessible-Mobile-Chrome/video.webm
    ────────────────────────────────────────────────────────────────────────────────────────────────

    Error Context: ../test-results/specs-admin-backoffice-Bac-b23b7--Dashboard-admin-accessible-Mobile-Chrome/error-context.md
]]>
</failure>
<system-out>
<![CDATA[
[[ATTACHMENT|../test-results/specs-admin-backoffice-Bac-b23b7--Dashboard-admin-accessible-Mobile-Chrome/test-failed-1.png]]

[[ATTACHMENT|../test-results/specs-admin-backoffice-Bac-b23b7--Dashboard-admin-accessible-Mobile-Chrome/video.webm]]

[[ATTACHMENT|../test-results/specs-admin-backoffice-Bac-b23b7--Dashboard-admin-accessible-Mobile-Chrome/error-context.md]]
]]>
</system-out>
</testcase>
<testcase name="Backoffice Admin › Navigation entre les sections" classname="specs/admin-backoffice.spec.ts" time="13.624">
<failure message="admin-backoffice.spec.ts:31:7 Navigation entre les sections" type="FAILURE">
<![CDATA[  [Mobile Chrome] › specs/admin-backoffice.spec.ts:31:7 › Backoffice Admin › Navigation entre les sections 

    TimeoutError: page.click: Timeout 10000ms exceeded.
    Call log:
      - waiting for locator('a[href*="/users"]')
        - locator resolved to 2 elements. Proceeding with the first one: <a href="/backoffice/users" class="↵                                    flex-1 flex items-center px-3 py-2 rounded-lg text-sm font-medium transition-all relative group↵                                    text-gray-300 hover:bg-gray-800 dark:hover:bg-gray-900 hover:text-white hover:translate-x-1 nav-item-hover↵                                  ">…</a>
      - attempting click action
        2 × waiting for element to be visible, enabled and stable
          - element is visible, enabled and stable
          - scrolling into view if needed
          - done scrolling
          - element is outside of the viewport
        - retrying click action
        - waiting 20ms
        2 × waiting for element to be visible, enabled and stable
          - element is visible, enabled and stable
          - scrolling into view if needed
          - done scrolling
          - element is outside of the viewport
        - retrying click action
          - waiting 100ms
        17 × waiting for element to be visible, enabled and stable
           - element is visible, enabled and stable
           - scrolling into view if needed
           - done scrolling
           - element is outside of the viewport
         - retrying click action
           - waiting 500ms


      31 |   test('Navigation entre les sections', async ({ page }) => {
      32 |     // Test navigation vers les utilisateurs
    > 33 |     await page.click('a[href*="/users"]');
         |                ^
      34 |     await expect(page.url()).toContain('/users');
      35 |     await expect(page.locator('h1')).toContainText('Gestion des Utilisateurs');
      36 |
        at /home/pactivisme/Documents/Dev/Perso/JobbingTrack/tests/e2e/specs/admin-backoffice.spec.ts:33:16

    attachment #1: screenshot (image/png) ──────────────────────────────────────────────────────────
    ../test-results/specs-admin-backoffice-Bac-64525-vigation-entre-les-sections-Mobile-Chrome/test-failed-1.png
    ────────────────────────────────────────────────────────────────────────────────────────────────

    attachment #2: video (video/webm) ──────────────────────────────────────────────────────────────
    ../test-results/specs-admin-backoffice-Bac-64525-vigation-entre-les-sections-Mobile-Chrome/video.webm
    ────────────────────────────────────────────────────────────────────────────────────────────────

    Error Context: ../test-results/specs-admin-backoffice-Bac-64525-vigation-entre-les-sections-Mobile-Chrome/error-context.md
]]>
</failure>
<system-out>
<![CDATA[
[[ATTACHMENT|../test-results/specs-admin-backoffice-Bac-64525-vigation-entre-les-sections-Mobile-Chrome/test-failed-1.png]]

[[ATTACHMENT|../test-results/specs-admin-backoffice-Bac-64525-vigation-entre-les-sections-Mobile-Chrome/video.webm]]

[[ATTACHMENT|../test-results/specs-admin-backoffice-Bac-64525-vigation-entre-les-sections-Mobile-Chrome/error-context.md]]
]]>
</system-out>
</testcase>
<testcase name="Backoffice Admin › Gestion des utilisateurs" classname="specs/admin-backoffice.spec.ts" time="15.01">
<failure message="admin-backoffice.spec.ts:48:7 Gestion des utilisateurs" type="FAILURE">
<![CDATA[  [Mobile Chrome] › specs/admin-backoffice.spec.ts:48:7 › Backoffice Admin › Gestion des utilisateurs 

    TimeoutError: page.click: Timeout 10000ms exceeded.
    Call log:
      - waiting for locator('button:has-text("Créer utilisateur")')


      51 |
      52 |     // Créer un nouvel utilisateur
    > 53 |     await page.click('button:has-text("Créer utilisateur")');
         |                ^
      54 |     await page.fill('input[name="email"]', 'redacted@example.invalid');
      55 |     await page.fill('input[name="name"]', 'Test User');
      56 |     await page.fill('input[name="password"]', 'password123');
        at /home/pactivisme/Documents/Dev/Perso/JobbingTrack/tests/e2e/specs/admin-backoffice.spec.ts:53:16

    attachment #1: screenshot (image/png) ──────────────────────────────────────────────────────────
    ../test-results/specs-admin-backoffice-Bac-d7c8a-in-Gestion-des-utilisateurs-Mobile-Chrome/test-failed-1.png
    ────────────────────────────────────────────────────────────────────────────────────────────────

    attachment #2: video (video/webm) ──────────────────────────────────────────────────────────────
    ../test-results/specs-admin-backoffice-Bac-d7c8a-in-Gestion-des-utilisateurs-Mobile-Chrome/video.webm
    ────────────────────────────────────────────────────────────────────────────────────────────────

    Error Context: ../test-results/specs-admin-backoffice-Bac-d7c8a-in-Gestion-des-utilisateurs-Mobile-Chrome/error-context.md
]]>
</failure>
<system-out>
<![CDATA[
[[ATTACHMENT|../test-results/specs-admin-backoffice-Bac-d7c8a-in-Gestion-des-utilisateurs-Mobile-Chrome/test-failed-1.png]]

[[ATTACHMENT|../test-results/specs-admin-backoffice-Bac-d7c8a-in-Gestion-des-utilisateurs-Mobile-Chrome/video.webm]]

[[ATTACHMENT|../test-results/specs-admin-backoffice-Bac-d7c8a-in-Gestion-des-utilisateurs-Mobile-Chrome/error-context.md]]
]]>
</system-out>
</testcase>
<testcase name="Backoffice Admin › Gestion des entreprises" classname="specs/admin-backoffice.spec.ts" time="3.678">
<failure message="admin-backoffice.spec.ts:76:7 Gestion des entreprises" type="FAILURE">
<![CDATA[  [Mobile Chrome] › specs/admin-backoffice.spec.ts:76:7 › Backoffice Admin › Gestion des entreprises 

    Error: page.goto: net::ERR_CONNECTION_REFUSED at http://localhost:8080/$%7BBASE_URL%7D/backoffice/companies
    Call log:
      - navigating to "http://localhost:8080/$%7BBASE_URL%7D/backoffice/companies", waiting until "load"


      75 |
      76 |   test('Gestion des entreprises', async ({ page }) => {
    > 77 |     await page.goto('${BASE_URL}/backoffice/companies');
         |                ^
      78 |
      79 |     // Créer une entreprise
      80 |     await page.click('button:has-text("Créer entreprise")');
        at /home/pactivisme/Documents/Dev/Perso/JobbingTrack/tests/e2e/specs/admin-backoffice.spec.ts:77:16

    attachment #1: screenshot (image/png) ──────────────────────────────────────────────────────────
    ../test-results/specs-admin-backoffice-Bac-305b5-min-Gestion-des-entreprises-Mobile-Chrome/test-failed-1.png
    ────────────────────────────────────────────────────────────────────────────────────────────────

    attachment #2: video (video/webm) ──────────────────────────────────────────────────────────────
    ../test-results/specs-admin-backoffice-Bac-305b5-min-Gestion-des-entreprises-Mobile-Chrome/video.webm
    ────────────────────────────────────────────────────────────────────────────────────────────────
]]>
</failure>
<system-out>
<![CDATA[
[[ATTACHMENT|../test-results/specs-admin-backoffice-Bac-305b5-min-Gestion-des-entreprises-Mobile-Chrome/test-failed-1.png]]

[[ATTACHMENT|../test-results/specs-admin-backoffice-Bac-305b5-min-Gestion-des-entreprises-Mobile-Chrome/video.webm]]
]]>
</system-out>
</testcase>
<testcase name="Backoffice Admin › Gestion des candidatures" classname="specs/admin-backoffice.spec.ts" time="4.333">
[...]

[[ATTACHMENT|../test-results/specs-admin-backoffice-Bac-434ef-nterface-de-test-Playwright-Tablet-Safari/video.webm]]
]]>
</system-out>
</testcase>
<testcase name="Backoffice Admin › Métriques système" classname="specs/admin-backoffice.spec.ts" time="2.877">
<failure message="admin-backoffice.spec.ts:146:7 Métriques système" type="FAILURE">
<![CDATA[  [Tablet Safari] › specs/admin-backoffice.spec.ts:146:7 › Backoffice Admin › Métriques système ────

    Error: page.goto: net::ERR_CONNECTION_REFUSED at http://localhost:8080/$%7BBASE_URL%7D/backoffice/analytics
    Call log:
      - navigating to "http://localhost:8080/$%7BBASE_URL%7D/backoffice/analytics", waiting until "load"


      145 |
      146 |   test('Métriques système', async ({ page }) => {
    > 147 |     await page.goto('${BASE_URL}/backoffice/analytics');
          |                ^
      148 |
      149 |     // Vérifier les métriques de base
      150 |     await expect(page.locator('[data-testid="cpu-usage"]')).toBeVisible();
        at /home/pactivisme/Documents/Dev/Perso/JobbingTrack/tests/e2e/specs/admin-backoffice.spec.ts:147:16

    attachment #1: screenshot (image/png) ──────────────────────────────────────────────────────────
    ../test-results/specs-admin-backoffice-Backoffice-Admin-Métriques-système-Tablet-Safari/test-failed-1.png
    ────────────────────────────────────────────────────────────────────────────────────────────────

    attachment #2: video (video/webm) ──────────────────────────────────────────────────────────────
    ../test-results/specs-admin-backoffice-Backoffice-Admin-Métriques-système-Tablet-Safari/video.webm
    ────────────────────────────────────────────────────────────────────────────────────────────────
]]>
</failure>
<system-out>
<![CDATA[
[[ATTACHMENT|../test-results/specs-admin-backoffice-Backoffice-Admin-Métriques-système-Tablet-Safari/test-failed-1.png]]

[[ATTACHMENT|../test-results/specs-admin-backoffice-Backoffice-Admin-Métriques-système-Tablet-Safari/video.webm]]
]]>
</system-out>
</testcase>
<testcase name="Backoffice Admin › Recherche globale" classname="specs/admin-backoffice.spec.ts" time="2.527">
<failure message="admin-backoffice.spec.ts:162:7 Recherche globale" type="FAILURE">
<![CDATA[  [Tablet Safari] › specs/admin-backoffice.spec.ts:162:7 › Backoffice Admin › Recherche globale ────

    Error: page.goto: net::ERR_CONNECTION_REFUSED at http://localhost:8080/$%7BBASE_URL%7D/backoffice/search
    Call log:
      - navigating to "http://localhost:8080/$%7BBASE_URL%7D/backoffice/search", waiting until "load"


      161 |
      162 |   test('Recherche globale', async ({ page }) => {
    > 163 |     await page.goto('${BASE_URL}/backoffice/search');
          |                ^
      164 |
      165 |     // Test de la recherche
      166 |     await page.fill('input[placeholder*="Rechercher"]', 'admin');
        at /home/pactivisme/Documents/Dev/Perso/JobbingTrack/tests/e2e/specs/admin-backoffice.spec.ts:163:16

    attachment #1: screenshot (image/png) ──────────────────────────────────────────────────────────
    ../test-results/specs-admin-backoffice-Backoffice-Admin-Recherche-globale-Tablet-Safari/test-failed-1.png
    ────────────────────────────────────────────────────────────────────────────────────────────────

    attachment #2: video (video/webm) ──────────────────────────────────────────────────────────────
    ../test-results/specs-admin-backoffice-Backoffice-Admin-Recherche-globale-Tablet-Safari/video.webm
    ────────────────────────────────────────────────────────────────────────────────────────────────
]]>
</failure>
<system-out>
<![CDATA[
[[ATTACHMENT|../test-results/specs-admin-backoffice-Backoffice-Admin-Recherche-globale-Tablet-Safari/test-failed-1.png]]

[[ATTACHMENT|../test-results/specs-admin-backoffice-Backoffice-Admin-Recherche-globale-Tablet-Safari/video.webm]]
]]>
</system-out>
</testcase>
<testcase name="Backoffice Admin › Paramètres système" classname="specs/admin-backoffice.spec.ts" time="2.815">
<failure message="admin-backoffice.spec.ts:174:7 Paramètres système" type="FAILURE">
<![CDATA[  [Tablet Safari] › specs/admin-backoffice.spec.ts:174:7 › Backoffice Admin › Paramètres système ───

    Error: page.goto: net::ERR_CONNECTION_REFUSED at http://localhost:8080/$%7BBASE_URL%7D/backoffice/settings
    Call log:
      - navigating to "http://localhost:8080/$%7BBASE_URL%7D/backoffice/settings", waiting until "load"


      173 |
      174 |   test('Paramètres système', async ({ page }) => {
    > 175 |     await page.goto('${BASE_URL}/backoffice/settings');
          |                ^
      176 |
      177 |     // Test des paramètres
      178 |     await expect(page.locator('input[name="theme"]')).toBeVisible();
        at /home/pactivisme/Documents/Dev/Perso/JobbingTrack/tests/e2e/specs/admin-backoffice.spec.ts:175:16

    attachment #1: screenshot (image/png) ──────────────────────────────────────────────────────────
    ../test-results/specs-admin-backoffice-Backoffice-Admin-Paramètres-système-Tablet-Safari/test-failed-1.png
    ────────────────────────────────────────────────────────────────────────────────────────────────

    attachment #2: video (video/webm) ──────────────────────────────────────────────────────────────
    ../test-results/specs-admin-backoffice-Backoffice-Admin-Paramètres-système-Tablet-Safari/video.webm
    ────────────────────────────────────────────────────────────────────────────────────────────────
]]>
</failure>
<system-out>
<![CDATA[
[[ATTACHMENT|../test-results/specs-admin-backoffice-Backoffice-Admin-Paramètres-système-Tablet-Safari/test-failed-1.png]]

[[ATTACHMENT|../test-results/specs-admin-backoffice-Backoffice-Admin-Paramètres-système-Tablet-Safari/video.webm]]
]]>
</system-out>
</testcase>
<testcase name="Backoffice Admin › Gestion des rôles et permissions" classname="specs/admin-backoffice.spec.ts" time="2.749">
<failure message="admin-backoffice.spec.ts:189:7 Gestion des rôles et permissions" type="FAILURE">
<![CDATA[  [Tablet Safari] › specs/admin-backoffice.spec.ts:189:7 › Backoffice Admin › Gestion des rôles et permissions 

    Error: page.goto: net::ERR_CONNECTION_REFUSED at http://localhost:8080/$%7BBASE_URL%7D/backoffice/users
    Call log:
      - navigating to "http://localhost:8080/$%7BBASE_URL%7D/backoffice/users", waiting until "load"


      188 |
      189 |   test('Gestion des rôles et permissions', async ({ page }) => {
    > 190 |     await page.goto('${BASE_URL}/backoffice/users');
          |                ^
      191 |
      192 |     // Créer un utilisateur avec rôle spécifique
      193 |     await page.click('button:has-text("Créer utilisateur")');
        at /home/pactivisme/Documents/Dev/Perso/JobbingTrack/tests/e2e/specs/admin-backoffice.spec.ts:190:16

    attachment #1: screenshot (image/png) ──────────────────────────────────────────────────────────
    ../test-results/specs-admin-backoffice-Bac-a145e-on-des-rôles-et-permissions-Tablet-Safari/test-failed-1.png
    ────────────────────────────────────────────────────────────────────────────────────────────────

    attachment #2: video (video/webm) ──────────────────────────────────────────────────────────────
    ../test-results/specs-admin-backoffice-Bac-a145e-on-des-rôles-et-permissions-Tablet-Safari/video.webm
    ────────────────────────────────────────────────────────────────────────────────────────────────
]]>
</failure>
<system-out>
<![CDATA[
[[ATTACHMENT|../test-results/specs-admin-backoffice-Bac-a145e-on-des-rôles-et-permissions-Tablet-Safari/test-failed-1.png]]

[[ATTACHMENT|../test-results/specs-admin-backoffice-Bac-a145e-on-des-rôles-et-permissions-Tablet-Safari/video.webm]]
]]>
</system-out>
</testcase>
<testcase name="Backoffice Admin › Test de performance" classname="specs/admin-backoffice.spec.ts" time="8.292">
<failure message="admin-backoffice.spec.ts:208:7 Test de performance" type="FAILURE">
<![CDATA[  [Tablet Safari] › specs/admin-backoffice.spec.ts:208:7 › Backoffice Admin › Test de performance ──

    Error: expect(received).toBeLessThan(expected)

    Expected: < 5000
    Received:   5755

      217 |
      218 |     // Le temps de chargement devrait être raisonnable
    > 219 |     expect(loadTime).toBeLessThan(5000); // Moins de 5 secondes
          |                      ^
      220 |   });
      221 |
      222 |   test('Test de responsive design', async ({ page }) => {
        at /home/pactivisme/Documents/Dev/Perso/JobbingTrack/tests/e2e/specs/admin-backoffice.spec.ts:219:22

    attachment #1: screenshot (image/png) ──────────────────────────────────────────────────────────
    ../test-results/specs-admin-backoffice-Backoffice-Admin-Test-de-performance-Tablet-Safari/test-failed-1.png
    ────────────────────────────────────────────────────────────────────────────────────────────────

    attachment #2: video (video/webm) ──────────────────────────────────────────────────────────────
    ../test-results/specs-admin-backoffice-Backoffice-Admin-Test-de-performance-Tablet-Safari/video.webm
    ────────────────────────────────────────────────────────────────────────────────────────────────

    Error Context: ../test-results/specs-admin-backoffice-Backoffice-Admin-Test-de-performance-Tablet-Safari/error-context.md
]]>
</failure>
<system-out>
<![CDATA[⚡ Temps de chargement du dashboard: 5755ms

[[ATTACHMENT|../test-results/specs-admin-backoffice-Backoffice-Admin-Test-de-performance-Tablet-Safari/test-failed-1.png]]

[[ATTACHMENT|../test-results/specs-admin-backoffice-Backoffice-Admin-Test-de-performance-Tablet-Safari/video.webm]]

[[ATTACHMENT|../test-results/specs-admin-backoffice-Backoffice-Admin-Test-de-performance-Tablet-Safari/error-context.md]]
]]>
</system-out>
</testcase>
<testcase name="Backoffice Admin › Test de responsive design" classname="specs/admin-backoffice.spec.ts" time="14.333">
<failure message="admin-backoffice.spec.ts:222:7 Test de responsive design" type="FAILURE">
<![CDATA[  [Tablet Safari] › specs/admin-backoffice.spec.ts:222:7 › Backoffice Admin › Test de responsive design 

    Error: expect(locator).toBeVisible() failed

    Locator: locator('.mobile-menu')
    Expected: visible
    Timeout: 10000ms
    Error: element(s) not found

    Call log:
      - Expect "toBeVisible" with timeout 10000ms
      - waiting for locator('.mobile-menu')


      227 |
      228 |     // Vérifier que le layout s'adapte
    > 229 |     await expect(page.locator('.mobile-menu')).toBeVisible();
          |                                                ^
      230 |     await expect(page.locator('.responsive-grid')).toBeVisible();
      231 |   });
      232 |
        at /home/pactivisme/Documents/Dev/Perso/JobbingTrack/tests/e2e/specs/admin-backoffice.spec.ts:229:48

    attachment #1: screenshot (image/png) ──────────────────────────────────────────────────────────
    ../test-results/specs-admin-backoffice-Bac-7cdd5-n-Test-de-responsive-design-Tablet-Safari/test-failed-1.png
    ────────────────────────────────────────────────────────────────────────────────────────────────

    attachment #2: video (video/webm) ──────────────────────────────────────────────────────────────
    ../test-results/specs-admin-backoffice-Bac-7cdd5-n-Test-de-responsive-design-Tablet-Safari/video.webm
    ────────────────────────────────────────────────────────────────────────────────────────────────

    Error Context: ../test-results/specs-admin-backoffice-Bac-7cdd5-n-Test-de-responsive-design-Tablet-Safari/error-context.md
]]>
</failure>
<system-out>
<![CDATA[
[[ATTACHMENT|../test-results/specs-admin-backoffice-Bac-7cdd5-n-Test-de-responsive-design-Tablet-Safari/test-failed-1.png]]

[[ATTACHMENT|../test-results/specs-admin-backoffice-Bac-7cdd5-n-Test-de-responsive-design-Tablet-Safari/video.webm]]

[[ATTACHMENT|../test-results/specs-admin-backoffice-Bac-7cdd5-n-Test-de-responsive-design-Tablet-Safari/error-context.md]]
]]>
</system-out>
</testcase>
<testcase name="Backoffice Admin › Test d&apos;accessibilité" classname="specs/admin-backoffice.spec.ts" time="4.591">
<failure message="admin-backoffice.spec.ts:233:7 Test d&apos;accessibilité" type="FAILURE">
<![CDATA[  [Tablet Safari] › specs/admin-backoffice.spec.ts:233:7 › Backoffice Admin › Test d'accessibilité ─

    Error: expect(locator).toBeVisible() failed

    Locator: locator('button[aria-label]')
    Expected: visible
    Error: strict mode violation: locator('button[aria-label]') resolved to 6 elements:
        1) <button aria-label="Fermer le menu" class="jsx-91a4c5b9a810764c lg:hidden text-gray-600 dark:text-gray-400 hover:text-gray-900 dark:hover:text-white transition-colors p-2">…</button> aka getByLabel('Fermer le menu')
        2) <button aria-label="Expander les sous-items" class="jsx-91a4c5b9a810764c ml-1 px-2 py-2 rounded text-gray-400 hover:text-white hover:bg-gray-700 transition-all ">…</button> aka getByRole('button', { name: 'Expander les sous-items' }).first()
        3) <button aria-label="Expander les sous-items" class="jsx-91a4c5b9a810764c ml-1 px-2 py-2 rounded text-gray-400 hover:text-white hover:bg-gray-700 transition-all ">…</button> aka getByRole('button', { name: 'Expander les sous-items' }).nth(1)
        4) <button aria-label="Expander les sous-items" class="jsx-91a4c5b9a810764c ml-1 px-2 py-2 rounded text-gray-400 hover:text-white hover:bg-gray-700 transition-all ">…</button> aka getByRole('button', { name: 'Expander les sous-items' }).nth(2)
        5) <button aria-label="Toggle menu" class="jsx-91a4c5b9a810764c lg:hidden text-gray-900 dark:text-gray-100 hover:text-blue-600 dark:hover:text-blue-400 transition-colors p-2 rounded-lg hover:bg-gray-100 dark:hover:bg-gray-800 flex-shrink-0">…</button> aka getByLabel('Toggle menu')
        6) <button aria-label="Toggle sidebar" title="Masquer le menu de navigation" class="jsx-91a4c5b9a810764c hidden lg:flex items-center justify-center w-10 h-10 text-gray-900 dark:text-gray-100 hover:text-blue-600 dark:hover:text-blue-400 transition-all p-2 rounded-lg hover:bg-gray-100 dark:hover:bg-gray-800 flex-shrink-0 border border-gray-300 dark:border-gray-600 hover:border-blue-500 dark:hover:border-blue-400 shadow-sm hover:shadow-md">…</button> aka getByRole('button', { name: 'Toggle sidebar' })

    Call log:
      - Expect "toBeVisible" with timeout 10000ms
      - waiting for locator('button[aria-label]')


      236 |
      237 |     // Test des attributs d'accessibilité
    > 238 |     await expect(page.locator('button[aria-label]')).toBeVisible();
          |                                                      ^
      239 |     await expect(page.locator('input[aria-describedby]')).toBeVisible();
      240 |
      241 |     // Test navigation au clavier
        at /home/pactivisme/Documents/Dev/Perso/JobbingTrack/tests/e2e/specs/admin-backoffice.spec.ts:238:54

    attachment #1: screenshot (image/png) ──────────────────────────────────────────────────────────
    ../test-results/specs-admin-backoffice-Backoffice-Admin-Test-d-accessibilité-Tablet-Safari/test-failed-1.png
    ────────────────────────────────────────────────────────────────────────────────────────────────

    attachment #2: video (video/webm) ──────────────────────────────────────────────────────────────
    ../test-results/specs-admin-backoffice-Backoffice-Admin-Test-d-accessibilité-Tablet-Safari/video.webm
    ────────────────────────────────────────────────────────────────────────────────────────────────

    Error Context: ../test-results/specs-admin-backoffice-Backoffice-Admin-Test-d-accessibilité-Tablet-Safari/error-context.md
]]>
</failure>
<system-out>
<![CDATA[
[[ATTACHMENT|../test-results/specs-admin-backoffice-Backoffice-Admin-Test-d-accessibilité-Tablet-Safari/test-failed-1.png]]

[[ATTACHMENT|../test-results/specs-admin-backoffice-Backoffice-Admin-Test-d-accessibilité-Tablet-Safari/video.webm]]

[[ATTACHMENT|../test-results/specs-admin-backoffice-Backoffice-Admin-Test-d-accessibilité-Tablet-Safari/error-context.md]]
]]>
</system-out>
</testcase>
<testcase name="Backoffice Admin › Test de sécurité - XSS" classname="specs/admin-backoffice.spec.ts" time="3.323">
<failure message="admin-backoffice.spec.ts:246:7 Test de sécurité - XSS" type="FAILURE">
<![CDATA[  [Tablet Safari] › specs/admin-backoffice.spec.ts:246:7 › Backoffice Admin › Test de sécurité - XSS 

    Error: page.goto: net::ERR_CONNECTION_REFUSED at http://localhost:8080/$%7BBASE_URL%7D/backoffice/users
    Call log:
      - navigating to "http://localhost:8080/$%7BBASE_URL%7D/backoffice/users", waiting until "load"


      245 |
      246 |   test('Test de sécurité - XSS', async ({ page }) => {
    > 247 |     await page.goto('${BASE_URL}/backoffice/users');
          |                ^
      248 |
      249 |     // Tenter une injection XSS
      250 |     await page.click('button:has-text("Créer utilisateur")');
        at /home/pactivisme/Documents/Dev/Perso/JobbingTrack/tests/e2e/specs/admin-backoffice.spec.ts:247:16

    attachment #1: screenshot (image/png) ──────────────────────────────────────────────────────────
    ../test-results/specs-admin-backoffice-Bac-7c59e-dmin-Test-de-sécurité---XSS-Tablet-Safari/test-failed-1.png
    ────────────────────────────────────────────────────────────────────────────────────────────────

    attachment #2: video (video/webm) ──────────────────────────────────────────────────────────────
    ../test-results/specs-admin-backoffice-Bac-7c59e-dmin-Test-de-sécurité---XSS-Tablet-Safari/video.webm
    ────────────────────────────────────────────────────────────────────────────────────────────────
]]>
</failure>
<system-out>
<![CDATA[
[[ATTACHMENT|../test-results/specs-admin-backoffice-Bac-7c59e-dmin-Test-de-sécurité---XSS-Tablet-Safari/test-failed-1.png]]

[[ATTACHMENT|../test-results/specs-admin-backoffice-Bac-7c59e-dmin-Test-de-sécurité---XSS-Tablet-Safari/video.webm]]
]]>
</system-out>
</testcase>
<testcase name="Backoffice Admin › Test de sécurité - CSRF" classname="specs/admin-backoffice.spec.ts" time="2.955">
<failure message="admin-backoffice.spec.ts:258:7 Test de sécurité - CSRF" type="FAILURE">
<![CDATA[  [Tablet Safari] › specs/admin-backoffice.spec.ts:258:7 › Backoffice Admin › Test de sécurité - CSRF 

    Error: page.goto: net::ERR_CONNECTION_REFUSED at http://localhost:8080/$%7BBASE_URL%7D/backoffice/settings
    Call log:
      - navigating to "http://localhost:8080/$%7BBASE_URL%7D/backoffice/settings", waiting until "load"


      257 |
      258 |   test('Test de sécurité - CSRF', async ({ page }) => {
    > 259 |     await page.goto('${BASE_URL}/backoffice/settings');
          |                ^
      260 |
      261 |     // Tenter une requête sans token CSRF
      262 |     const response = await page.request.post('${BASE_URL}/api/settings', {
        at /home/pactivisme/Documents/Dev/Perso/JobbingTrack/tests/e2e/specs/admin-backoffice.spec.ts:259:16

    attachment #1: screenshot (image/png) ──────────────────────────────────────────────────────────
    ../test-results/specs-admin-backoffice-Bac-29c7d-min-Test-de-sécurité---CSRF-Tablet-Safari/test-failed-1.png
    ────────────────────────────────────────────────────────────────────────────────────────────────

    attachment #2: video (video/webm) ──────────────────────────────────────────────────────────────
    ../test-results/specs-admin-backoffice-Bac-29c7d-min-Test-de-sécurité---CSRF-Tablet-Safari/video.webm
    ────────────────────────────────────────────────────────────────────────────────────────────────
]]>
</failure>
<system-out>
<![CDATA[
[[ATTACHMENT|../test-results/specs-admin-backoffice-Bac-29c7d-min-Test-de-sécurité---CSRF-Tablet-Safari/test-failed-1.png]]

[[ATTACHMENT|../test-results/specs-admin-backoffice-Bac-29c7d-min-Test-de-sécurité---CSRF-Tablet-Safari/video.webm]]
]]>
</system-out>
</testcase>
</testsuite>
</testsuites>